#
# A fatal error has been detected by the Java Runtime Environment:
#
#  EXCEPTION_ACCESS_VIOLATION (0xc0000005) at pc=0x00007ffa97db6587, pid=2460, tid=17168
#
# JRE version: OpenJDK Runtime Environment (21.0.1+12) (build 21.0.1+12-29)
# Java VM: OpenJDK 64-Bit Server VM (21.0.1+12-29, mixed mode, sharing, tiered, compressed oops, compressed class ptrs, g1 gc, windows-amd64)
# Problematic frame:
# C  [glass.dll+0x26587]
#
# No core dump will be written. Minidumps are not enabled by default on client versions of Windows
#
# If you would like to submit a bug report, please visit:
#   https://bugreport.java.com/bugreport/crash.jsp
#

---------------  S U M M A R Y ------------

Command Line: -javaagent:C:\Program Files\JetBrains\IntelliJ IDEA Community Edition 2023.2.5\lib\idea_rt.jar=62324:C:\Program Files\JetBrains\IntelliJ IDEA Community Edition 2023.2.5\bin -Dfile.encoding=UTF-8 -Dsun.stdout.encoding=UTF-8 -Dsun.stderr.encoding=UTF-8 --module-path=C:\Users\Настя\.m2\repository\org\openjfx\javafx-fxml\21-ea+24\javafx-fxml-21-ea+24-win.jar;C:\Users\Настя\.m2\repository\org\openjfx\javafx-base\21-ea+24\javafx-base-21-ea+24-win.jar;C:\Users\Настя\.m2\repository\org\openjfx\javafx-graphics\21-ea+24\javafx-graphics-21-ea+24-win.jar;C:\Users\Настя\.m2\repository\org\openjfx\javafx-controls\21-ea+24\javafx-controls-21-ea+24-win.jar;C:\Users\Настя\IdeaProjects\Pizzza\target\classes -Djdk.module.main=com.example.pizzza com.example.pizzza/com.example.pizzza.HelloApplication

Host: AMD Ryzen 5 4600H with Radeon Graphics         , 12 cores, 7G,  Windows 11 , 64 bit Build 22621 (10.0.22621.2506)
Time: Mon Nov 20 22:07:32 2023 RTZ 2 (s 11 , 64 bit Build 22621 (10.0.22621.2506) elapsed time: 19.491766 seconds (0d 0h 0m 19s)

---------------  T H R E A D  ---------------

Current thread (0x000001f6f29cbd70):  VMThread "VM Thread"          [id=17168, stack(0x00000008da300000,0x00000008da400000) (1024K)]

Stack: [0x00000008da300000,0x00000008da400000],  sp=0x00000008da3fef60,  free space=1019k
Native frames: (J=compiled Java code, j=interpreted, Vv=VM code, C=native code)
C  [glass.dll+0x26587]


siginfo: EXCEPTION_ACCESS_VIOLATION (0xc0000005), reading address 0x0000000000000000


Registers:
RAX=0x0000000000000000, RBX=0x000001f6f29d5fea, RCX=0x000001f6f29cbd70, RDX=0x00000008da3fef60
RSP=0x00000008da3fef60, RBP=0x000001f6f72754a8, RSI=0x00000008da3ff068, RDI=0x000001f6f7275480
R8 =0x0000000000010002, R9 =0x000001f6f7275480, R10=0x85f13e9656da4870, R11=0x00000008da3feef0
R12=0x00007ffa97db3ed0, R13=0x00007ffa3fb01fa0, R14=0x0000b35116511ba4, R15=0x000001f6f7275480
RIP=0x00007ffa97db6587, EFLAGS=0x0000000000010202


Register to memory mapping:

RAX=0x0 is null
RBX=0x000001f6f29d5fea is a global jni handle
RCX=0x000001f6f29cbd70 points into unknown readable memory: 0x00007ffa3f913f88 | 88 3f 91 3f fa 7f 00 00
RDX=0x00000008da3fef60 points into unknown readable memory: 0x0000000000000000 | 00 00 00 00 00 00 00 00
RSP=0x00000008da3fef60 points into unknown readable memory: 0x0000000000000000 | 00 00 00 00 00 00 00 00
RBP=0x000001f6f72754a8 points into unknown readable memory: 0x0000b35116511ba4 | a4 1b 51 16 51 b3 00 00
RSI=0x00000008da3ff068 points into unknown readable memory: 0x00000008da3ff050 | 50 f0 3f da 08 00 00 00
RDI=0x000001f6f7275480 points into unknown readable memory: 0x7db32dd11656e40d | 0d e4 56 16 d1 2d b3 7d
R8 =0x0000000000010002 is an unknown value
R9 =0x000001f6f7275480 points into unknown readable memory: 0x7db32dd11656e40d | 0d e4 56 16 d1 2d b3 7d
R10=0x85f13e9656da4870 is an unknown value
R11=0x00000008da3feef0 points into unknown readable memory: 0x000001f6f7275480 | 80 54 27 f7 f6 01 00 00
R12=0x00007ffa97db3ed0 glass.dll
R13=0x00007ffa3fb01fa0 jvm.dll
R14=0x0000b35116511ba4 is an unknown value
R15=0x000001f6f7275480 points into unknown readable memory: 0x7db32dd11656e40d | 0d e4 56 16 d1 2d b3 7d

Top of Stack: (sp=0x00000008da3fef60)
0x00000008da3fef60:   0000000000000000 00000008da3ff068
0x00000008da3fef70:   00007ffa3fb01fa0 00007ffa97db3ed0
0x00000008da3fef80:   000001f6f7275488 00007ffaca463a83
0x00000008da3fef90:   000001f6f7275480 000001f600000000
0x00000008da3fefa0:   000001f6f72754a8 00000008da3ff068
0x00000008da3fefb0:   fffffffffffffffe 0000000000000000
0x00000008da3fefc0:   0000000000000001 00007ffa97d90000
0x00000008da3fefd0:   00000008da3ff058 00007ffaca43006e
0x00000008da3fefe0:   0000000000000000 00000008da3ff068
0x00000008da3feff0:   00000008da3ff350 0000000000000001
0x00000008da3ff000:   0000000000000001 00007ffaca42da1d
0x00000008da3ff010:   0000000000000000 00007ffa97db36c9
0x00000008da3ff020:   00007ffac5965ed0 00000008da3ff058
0x00000008da3ff030:   fffffffffffffffe 00000008da3ff020
0x00000008da3ff040:   0000000000000000 00007ffa97db3d5d
0x00000008da3ff050:   00007ffa97dca008 00007ffa00000002
0x00000008da3ff060:   0000000000000002 00000008da3ff050
0x00000008da3ff070:   0000000000000000 00007ffaccc38603
0x00000008da3ff080:   0000000000000000 00007ffa97db3e82
0x00000008da3ff090:   0000000000000001 0000000000000001
0x00000008da3ff0a0:   0000000000000000 0000000000000001
0x00000008da3ff0b0:   000001f6d3d6fca8 00007ffac96e2223
0x00000008da3ff0c0:   000001f600000001 0000000000000016
0x00000008da3ff0d0:   00007ffa97d90000 000000007ffe0384
0x00000008da3ff0e0:   0000000000000000 00007ffaccc3869f
0x00000008da3ff0f0:   00007ffa97d90000 0000000000000000
0x00000008da3ff100:   0000000000000001 000000007ffe0385
0x00000008da3ff110:   0000000000000000 00007ffaccc612e9
0x00000008da3ff120:   0000d1135f814400 0000000000000014
0x00000008da3ff130:   00007ffa97db3ed0 0000000000000000
0x00000008da3ff140:   0000000000000000 00000008d9777000
0x00000008da3ff150:   000001f6f78fdf40 00007ffaccc610a6 

Instructions: (pc=0x00007ffa97db6587)
0x00007ffa97db6487:   8b 4d 58 e8 8d cf ff ff 48 8b 4d 60 e8 84 cf ff
0x00007ffa97db6497:   ff 48 8b 95 80 00 00 00 48 8b 8d 18 01 00 00 e8
0x00007ffa97db64a7:   76 c4 ff ff 33 d2 33 c9 e8 cc e1 ff ff 90 48 89
0x00007ffa97db64b7:   54 24 10 55 48 83 ec 20 48 8b ea 48 b8 00 00 00
0x00007ffa97db64c7:   00 00 00 00 00 48 83 c4 20 5d c3 cc 40 55 48 8b
0x00007ffa97db64d7:   ea 48 8b 01 33 c9 81 38 05 00 00 c0 0f 94 c1 8b
0x00007ffa97db64e7:   c1 5d c3 cc 40 55 48 83 ec 20 48 8b ea 8a 4d 40
0x00007ffa97db64f7:   48 83 c4 20 5d e9 73 d3 ff ff cc 40 55 48 83 ec
0x00007ffa97db6507:   20 48 8b ea 8a 4d 20 e8 61 d3 ff ff 90 48 83 c4
0x00007ffa97db6517:   20 5d c3 cc 40 55 48 83 ec 20 48 8b ea 48 83 c4
0x00007ffa97db6527:   20 5d e9 c2 d1 ff ff cc 40 55 48 83 ec 30 48 8b
0x00007ffa97db6537:   ea 48 8b 01 8b 10 48 89 4c 24 28 89 54 24 20 4c
0x00007ffa97db6547:   8d 0d 63 d6 ff ff 4c 8b 45 70 8b 55 68 48 8b 4d
0x00007ffa97db6557:   60 e8 03 d1 ff ff 90 48 83 c4 30 5d c3 cc cc cc
0x00007ffa97db6567:   cc cc cc cc cc cc cc cc cc 40 53 48 83 ec 20 48
0x00007ffa97db6577:   8b 1d 8b 34 01 00 48 85 db 74 16 e8 89 8f ff ff
0x00007ffa97db6587:   4c 8b 00 48 8b d3 48 8b c8 41 ff 90 b0 00 00 00
0x00007ffa97db6597:   90 48 83 c4 20 5b c3 cc cc 40 53 48 83 ec 20 48
0x00007ffa97db65a7:   8b 1d fb 35 01 00 48 85 db 74 57 b8 ff ff ff ff
0x00007ffa97db65b7:   f0 0f c1 43 10 83 f8 01 75 3d 48 85 db 74 38 48
0x00007ffa97db65c7:   8b 0b 48 85 c9 74 0d ff 15 d4 0c 00 00 48 c7 03
0x00007ffa97db65d7:   00 00 00 00 48 8b 4b 08 48 85 c9 74 0d e8 33 ce
0x00007ffa97db65e7:   ff ff 48 c7 43 08 00 00 00 00 ba 18 00 00 00 48
0x00007ffa97db65f7:   8b cb e8 1e ce ff ff 48 c7 05 9f 35 01 00 00 00
0x00007ffa97db6607:   00 00 48 83 c4 20 5b c3 cc 40 53 48 83 ec 20 48
0x00007ffa97db6617:   8b 1d 6b 35 01 00 48 85 db 74 57 b8 ff ff ff ff
0x00007ffa97db6627:   f0 0f c1 43 10 83 f8 01 75 3d 48 85 db 74 38 48
0x00007ffa97db6637:   8b 0b 48 85 c9 74 0d ff 15 64 0c 00 00 48 c7 03
0x00007ffa97db6647:   00 00 00 00 48 8b 4b 08 48 85 c9 74 0d e8 c3 cd
0x00007ffa97db6657:   ff ff 48 c7 43 08 00 00 00 00 ba 18 00 00 00 48
0x00007ffa97db6667:   8b cb e8 ae cd ff ff 48 c7 05 0f 35 01 00 00 00
0x00007ffa97db6677:   00 00 48 83 c4 20 5b c3 cc 40 53 48 83 ec 20 48 


Stack slot to memory mapping:

stack at sp + 0 slots: 0x0 is null
stack at sp + 1 slots: 0x00000008da3ff068 points into unknown readable memory: 0x00000008da3ff050 | 50 f0 3f da 08 00 00 00
stack at sp + 2 slots: 0x00007ffa3fb01fa0 jvm.dll
stack at sp + 3 slots: 0x00007ffa97db3ed0 glass.dll
stack at sp + 4 slots: 0x000001f6f7275488 points into unknown readable memory: 0x0000b35116511ba4 | a4 1b 51 16 51 b3 00 00
stack at sp + 5 slots: 0x00007ffaca463a83 ucrtbase.dll
stack at sp + 6 slots: 0x000001f6f7275480 points into unknown readable memory: 0x7db32dd11656e40d | 0d e4 56 16 d1 2d b3 7d
stack at sp + 7 slots: 0x000001f600000000 is an unknown value

VM_Operation (0x00000008dccfed30): Exit, mode: safepoint, requested by thread 0x000001f6f84fcd60


---------------  P R O C E S S  ---------------

Threads class SMR info:
_java_thread_list=0x000001f6f72bcf50, length=19, elements={
0x000001f6d3d93500, 0x000001f6f29eb710, 0x000001f6f29ec430, 0x000001f6f29ef4e0,
0x000001f6f29eff40, 0x000001f6f29f8ae0, 0x000001f6f29ff480, 0x000001f6f2a00b90,
0x000001f6f2c1be70, 0x000001f6f2c1d8b0, 0x000001f6f2c1cb90, 0x000001f6f2c1aac0,
0x000001f6f2c1c500, 0x000001f6f2c1d220, 0x000001f6f2c1df40, 0x000001f6f2c1b150,
0x000001f6f84fa600, 0x000001f6f84f98e0, 0x000001f6f84fcd60
}

Java Threads: ( => current thread )
  0x000001f6d3d93500 JavaThread "main"                              [_thread_blocked, id=6400, stack(0x00000008d9c00000,0x00000008d9d00000) (1024K)]
  0x000001f6f29eb710 JavaThread "Reference Handler"          daemon [_thread_blocked, id=9176, stack(0x00000008da400000,0x00000008da500000) (1024K)]
  0x000001f6f29ec430 JavaThread "Finalizer"                  daemon [_thread_blocked, id=18480, stack(0x00000008da500000,0x00000008da600000) (1024K)]
  0x000001f6f29ef4e0 JavaThread "Attach Listener"            daemon [_thread_blocked, id=15624, stack(0x00000008da700000,0x00000008da800000) (1024K)]
  0x000001f6f29eff40 JavaThread "Service Thread"             daemon [_thread_blocked, id=13684, stack(0x00000008da800000,0x00000008da900000) (1024K)]
  0x000001f6f29f8ae0 JavaThread "Monitor Deflation Thread"   daemon [_thread_blocked, id=14480, stack(0x00000008da900000,0x00000008daa00000) (1024K)]
  0x000001f6f29ff480 JavaThread "C2 CompilerThread0"         daemon [_thread_blocked, id=7056, stack(0x00000008daa00000,0x00000008dab00000) (1024K)]
  0x000001f6f2a00b90 JavaThread "C1 CompilerThread0"         daemon [_thread_blocked, id=8824, stack(0x00000008dab00000,0x00000008dac00000) (1024K)]
  0x000001f6f2c1be70 JavaThread "Common-Cleaner"             daemon [_thread_blocked, id=18452, stack(0x00000008dac00000,0x00000008dad00000) (1024K)]
  0x000001f6f2c1d8b0 JavaThread "Monitor Ctrl-Break"         daemon [_thread_in_native, id=14444, stack(0x00000008dae00000,0x00000008daf00000) (1024K)]
  0x000001f6f2c1cb90 JavaThread "Notification Thread"        daemon [_thread_blocked, id=10628, stack(0x00000008daf00000,0x00000008db000000) (1024K)]
  0x000001f6f2c1aac0 JavaThread "QuantumRenderer-0"          daemon [_thread_blocked, id=11392, stack(0x00000008db000000,0x00000008db100000) (1024K)]
  0x000001f6f2c1c500 JavaThread "InvokeLaterDispatcher"      daemon [_thread_blocked, id=17904, stack(0x00000008db400000,0x00000008db500000) (1024K)]
  0x000001f6f2c1d220 JavaThread "JavaFX Application Thread"         [_thread_in_native, id=10652, stack(0x00000008db500000,0x00000008db600000) (1024K)]
  0x000001f6f2c1df40 JavaThread "Thread-1"                   daemon [_thread_in_native, id=14860, stack(0x00000008dbe00000,0x00000008dbf00000) (1024K)]
  0x000001f6f2c1b150 JavaThread "JavaFX-Launcher"                   [_thread_blocked, id=17952, stack(0x00000008dbf00000,0x00000008dc000000) (1024K)]
  0x000001f6f84fa600 JavaThread "Prism Font Disposer"        daemon [_thread_blocked, id=1712, stack(0x00000008dc800000,0x00000008dc900000) (1024K)]
  0x000001f6f84f98e0 JavaThread "Cleaner-0"                  daemon [_thread_blocked, id=14492, stack(0x00000008dad00000,0x00000008dae00000) (1024K)]
  0x000001f6f84fcd60 JavaThread "SIGINT handler"             daemon [_thread_blocked, id=820, stack(0x00000008dcc00000,0x00000008dcd00000) (1024K)]
Total: 19

Other Threads:
=>0x000001f6f29cbd70 VMThread "VM Thread"                           [id=17168, stack(0x00000008da300000,0x00000008da400000) (1024K)]
  0x000001f6d5f74290 WorkerThread "GC Thread#0"                     [id=17012, stack(0x00000008d9d00000,0x00000008d9e00000) (1024K)]
  0x000001f6f78ff030 WorkerThread "GC Thread#1"                     [id=9824, stack(0x00000008dc000000,0x00000008dc100000) (1024K)]
  0x000001f6f7900250 WorkerThread "GC Thread#2"                     [id=15292, stack(0x00000008dc100000,0x00000008dc200000) (1024K)]
  0x000001f6f78ffb10 WorkerThread "GC Thread#3"                     [id=8636, stack(0x00000008dc200000,0x00000008dc300000) (1024K)]
  0x000001f6f78ffeb0 WorkerThread "GC Thread#4"                     [id=14784, stack(0x00000008dc300000,0x00000008dc400000) (1024K)]
  0x000001f6f78ff3d0 WorkerThread "GC Thread#5"                     [id=13060, stack(0x00000008dc400000,0x00000008dc500000) (1024K)]
  0x000001f6f7e18070 WorkerThread "GC Thread#6"                     [id=18376, stack(0x00000008dc500000,0x00000008dc600000) (1024K)]
  0x000001f6f7e18ef0 WorkerThread "GC Thread#7"                     [id=10988, stack(0x00000008dc600000,0x00000008dc700000) (1024K)]
  0x000001f6f7e19d70 WorkerThread "GC Thread#8"                     [id=18804, stack(0x00000008dc700000,0x00000008dc800000) (1024K)]
  0x000001f6f7e187b0 WorkerThread "GC Thread#9"                     [id=9232, stack(0x00000008dc900000,0x00000008dca00000) (1024K)]
  0x000001f6d5f84020 ConcurrentGCThread "G1 Main Marker"            terminated
  0x000001f6d5f84b20 WorkerThread "G1 Conc#0"                       [id=6004, stack(0x00000008d9f00000,0x00000008da000000) (1024K)]
  0x000001f6d5fed020 ConcurrentGCThread "G1 Refine#0"               terminated
  0x000001f6d5fedb90 ConcurrentGCThread "G1 Service"                terminated
Total: 15

Threads with active compile tasks:
C2 CompilerThread0    19616 2740       4       java.lang.Class::getPackageName (81 bytes)
C1 CompilerThread0    19616 2741       3       java.lang.invoke.Invokers::callSiteForm (297 bytes)
Total: 2

VM state: at safepoint (shutting down)

VM Mutex/Monitor currently owned by a thread:  ([mutex/lock_event])
[0x00007ffa3fada5f8] Threads_lock - owner thread: 0x000001f6f29cbd70
[0x00007ffa3fada6f8] Heap_lock - owner thread: 0x000001f6f84fcd60

Heap address: 0x000000008a000000, size: 1888 MB, Compressed Oops mode: 32-bit

CDS archive(s) mapped at: [0x000001f680000000-0x000001f680c90000-0x000001f680c90000), size 13172736, SharedBaseAddress: 0x000001f680000000, ArchiveRelocationMode: 1.
Compressed class space mapped at: 0x000001f681000000-0x000001f6c1000000, reserved size: 1073741824
Narrow klass base: 0x000001f680000000, Narrow klass shift: 0, Narrow klass range: 0x100000000

GC Precious Log:
 CardTable entry size: 512
 Card Set container configuration: InlinePtr #cards 5 size 8 Array Of Cards #cards 12 size 40 Howl #buckets 4 coarsen threshold 1843 Howl Bitmap #cards 512 size 80 coarsen threshold 460 Card regions per heap region 1 cards per card region 2048
 CPUs: 12 total, 12 available
 Memory: 7549M
 Large Page Support: Disabled
 NUMA Support: Disabled
 Compressed Oops: Enabled (32-bit)
 Heap Region Size: 1M
 Heap Min Capacity: 8M
 Heap Initial Capacity: 118M
 Heap Max Capacity: 1888M
 Pre-touch: Disabled
 Parallel Workers: 10
 Concurrent Workers: 3
 Concurrent Refinement Workers: 10
 Periodic GC: Disabled

Heap:
 garbage-first heap   total 120832K, used 31321K [0x000000008a000000, 0x0000000100000000)
  region size 1024K, 26 young (26624K), 3 survivors (3072K)
 Metaspace       used 15938K, committed 16256K, reserved 1114112K
  class space    used 2331K, committed 2496K, reserved 1048576K

Heap Regions: E=young(eden), S=young(survivor), O=old, HS=humongous(starts), HC=humongous(continues), CS=collection set, F=free, TAMS=top-at-mark-start, PB=parsable bottom
|   0|0x000000008a000000, 0x000000008a100000, 0x000000008a100000|100%| O|  |TAMS 0x000000008a000000| PB 0x000000008a000000| Untracked 
|   1|0x000000008a100000, 0x000000008a200000, 0x000000008a200000|100%| O|  |TAMS 0x000000008a100000| PB 0x000000008a100000| Untracked 
|   2|0x000000008a200000, 0x000000008a300000, 0x000000008a300000|100%| O|  |TAMS 0x000000008a200000| PB 0x000000008a200000| Untracked 
|   3|0x000000008a300000, 0x000000008a3f8bc8, 0x000000008a400000| 97%| O|  |TAMS 0x000000008a300000| PB 0x000000008a300000| Untracked 
|   4|0x000000008a400000, 0x000000008a500000, 0x000000008a500000|100%|HS|  |TAMS 0x000000008a400000| PB 0x000000008a400000| Complete 
|   5|0x000000008a500000, 0x000000008a600000, 0x000000008a600000|100%|HC|  |TAMS 0x000000008a500000| PB 0x000000008a500000| Complete 
|   6|0x000000008a600000, 0x000000008a600000, 0x000000008a700000|  0%| F|  |TAMS 0x000000008a600000| PB 0x000000008a600000| Untracked 
|   7|0x000000008a700000, 0x000000008a700000, 0x000000008a800000|  0%| F|  |TAMS 0x000000008a700000| PB 0x000000008a700000| Untracked 
|   8|0x000000008a800000, 0x000000008a800000, 0x000000008a900000|  0%| F|  |TAMS 0x000000008a800000| PB 0x000000008a800000| Untracked 
|   9|0x000000008a900000, 0x000000008a900000, 0x000000008aa00000|  0%| F|  |TAMS 0x000000008a900000| PB 0x000000008a900000| Untracked 
|  10|0x000000008aa00000, 0x000000008aa00000, 0x000000008ab00000|  0%| F|  |TAMS 0x000000008aa00000| PB 0x000000008aa00000| Untracked 
|  11|0x000000008ab00000, 0x000000008ab00000, 0x000000008ac00000|  0%| F|  |TAMS 0x000000008ab00000| PB 0x000000008ab00000| Untracked 
|  12|0x000000008ac00000, 0x000000008ac00000, 0x000000008ad00000|  0%| F|  |TAMS 0x000000008ac00000| PB 0x000000008ac00000| Untracked 
|  13|0x000000008ad00000, 0x000000008ad00000, 0x000000008ae00000|  0%| F|  |TAMS 0x000000008ad00000| PB 0x000000008ad00000| Untracked 
|  14|0x000000008ae00000, 0x000000008ae00000, 0x000000008af00000|  0%| F|  |TAMS 0x000000008ae00000| PB 0x000000008ae00000| Untracked 
|  15|0x000000008af00000, 0x000000008af00000, 0x000000008b000000|  0%| F|  |TAMS 0x000000008af00000| PB 0x000000008af00000| Untracked 
|  16|0x000000008b000000, 0x000000008b000000, 0x000000008b100000|  0%| F|  |TAMS 0x000000008b000000| PB 0x000000008b000000| Untracked 
|  17|0x000000008b100000, 0x000000008b100000, 0x000000008b200000|  0%| F|  |TAMS 0x000000008b100000| PB 0x000000008b100000| Untracked 
|  18|0x000000008b200000, 0x000000008b200000, 0x000000008b300000|  0%| F|  |TAMS 0x000000008b200000| PB 0x000000008b200000| Untracked 
|  19|0x000000008b300000, 0x000000008b300000, 0x000000008b400000|  0%| F|  |TAMS 0x000000008b300000| PB 0x000000008b300000| Untracked 
|  20|0x000000008b400000, 0x000000008b400000, 0x000000008b500000|  0%| F|  |TAMS 0x000000008b400000| PB 0x000000008b400000| Untracked 
|  21|0x000000008b500000, 0x000000008b500000, 0x000000008b600000|  0%| F|  |TAMS 0x000000008b500000| PB 0x000000008b500000| Untracked 
|  22|0x000000008b600000, 0x000000008b600000, 0x000000008b700000|  0%| F|  |TAMS 0x000000008b600000| PB 0x000000008b600000| Untracked 
|  23|0x000000008b700000, 0x000000008b700000, 0x000000008b800000|  0%| F|  |TAMS 0x000000008b700000| PB 0x000000008b700000| Untracked 
|  24|0x000000008b800000, 0x000000008b800000, 0x000000008b900000|  0%| F|  |TAMS 0x000000008b800000| PB 0x000000008b800000| Untracked 
|  25|0x000000008b900000, 0x000000008b900000, 0x000000008ba00000|  0%| F|  |TAMS 0x000000008b900000| PB 0x000000008b900000| Untracked 
|  26|0x000000008ba00000, 0x000000008ba00000, 0x000000008bb00000|  0%| F|  |TAMS 0x000000008ba00000| PB 0x000000008ba00000| Untracked 
|  27|0x000000008bb00000, 0x000000008bb00000, 0x000000008bc00000|  0%| F|  |TAMS 0x000000008bb00000| PB 0x000000008bb00000| Untracked 
|  28|0x000000008bc00000, 0x000000008bc00000, 0x000000008bd00000|  0%| F|  |TAMS 0x000000008bc00000| PB 0x000000008bc00000| Untracked 
|  29|0x000000008bd00000, 0x000000008bd00000, 0x000000008be00000|  0%| F|  |TAMS 0x000000008bd00000| PB 0x000000008bd00000| Untracked 
|  30|0x000000008be00000, 0x000000008be00000, 0x000000008bf00000|  0%| F|  |TAMS 0x000000008be00000| PB 0x000000008be00000| Untracked 
|  31|0x000000008bf00000, 0x000000008bf00000, 0x000000008c000000|  0%| F|  |TAMS 0x000000008bf00000| PB 0x000000008bf00000| Untracked 
|  32|0x000000008c000000, 0x000000008c000000, 0x000000008c100000|  0%| F|  |TAMS 0x000000008c000000| PB 0x000000008c000000| Untracked 
|  33|0x000000008c100000, 0x000000008c100000, 0x000000008c200000|  0%| F|  |TAMS 0x000000008c100000| PB 0x000000008c100000| Untracked 
|  34|0x000000008c200000, 0x000000008c200000, 0x000000008c300000|  0%| F|  |TAMS 0x000000008c200000| PB 0x000000008c200000| Untracked 
|  35|0x000000008c300000, 0x000000008c300000, 0x000000008c400000|  0%| F|  |TAMS 0x000000008c300000| PB 0x000000008c300000| Untracked 
|  36|0x000000008c400000, 0x000000008c400000, 0x000000008c500000|  0%| F|  |TAMS 0x000000008c400000| PB 0x000000008c400000| Untracked 
|  37|0x000000008c500000, 0x000000008c500000, 0x000000008c600000|  0%| F|  |TAMS 0x000000008c500000| PB 0x000000008c500000| Untracked 
|  38|0x000000008c600000, 0x000000008c600000, 0x000000008c700000|  0%| F|  |TAMS 0x000000008c600000| PB 0x000000008c600000| Untracked 
|  39|0x000000008c700000, 0x000000008c700000, 0x000000008c800000|  0%| F|  |TAMS 0x000000008c700000| PB 0x000000008c700000| Untracked 
|  40|0x000000008c800000, 0x000000008c800000, 0x000000008c900000|  0%| F|  |TAMS 0x000000008c800000| PB 0x000000008c800000| Untracked 
|  41|0x000000008c900000, 0x000000008c900000, 0x000000008ca00000|  0%| F|  |TAMS 0x000000008c900000| PB 0x000000008c900000| Untracked 
|  42|0x000000008ca00000, 0x000000008ca00000, 0x000000008cb00000|  0%| F|  |TAMS 0x000000008ca00000| PB 0x000000008ca00000| Untracked 
|  43|0x000000008cb00000, 0x000000008cb00000, 0x000000008cc00000|  0%| F|  |TAMS 0x000000008cb00000| PB 0x000000008cb00000| Untracked 
|  44|0x000000008cc00000, 0x000000008cc00000, 0x000000008cd00000|  0%| F|  |TAMS 0x000000008cc00000| PB 0x000000008cc00000| Untracked 
|  45|0x000000008cd00000, 0x000000008cd00000, 0x000000008ce00000|  0%| F|  |TAMS 0x000000008cd00000| PB 0x000000008cd00000| Untracked 
|  46|0x000000008ce00000, 0x000000008ce00000, 0x000000008cf00000|  0%| F|  |TAMS 0x000000008ce00000| PB 0x000000008ce00000| Untracked 
|  47|0x000000008cf00000, 0x000000008cf00000, 0x000000008d000000|  0%| F|  |TAMS 0x000000008cf00000| PB 0x000000008cf00000| Untracked 
|  48|0x000000008d000000, 0x000000008d000000, 0x000000008d100000|  0%| F|  |TAMS 0x000000008d000000| PB 0x000000008d000000| Untracked 
|  49|0x000000008d100000, 0x000000008d100000, 0x000000008d200000|  0%| F|  |TAMS 0x000000008d100000| PB 0x000000008d100000| Untracked 
|  50|0x000000008d200000, 0x000000008d200000, 0x000000008d300000|  0%| F|  |TAMS 0x000000008d200000| PB 0x000000008d200000| Untracked 
|  51|0x000000008d300000, 0x000000008d300000, 0x000000008d400000|  0%| F|  |TAMS 0x000000008d300000| PB 0x000000008d300000| Untracked 
|  52|0x000000008d400000, 0x000000008d400000, 0x000000008d500000|  0%| F|  |TAMS 0x000000008d400000| PB 0x000000008d400000| Untracked 
|  53|0x000000008d500000, 0x000000008d500000, 0x000000008d600000|  0%| F|  |TAMS 0x000000008d500000| PB 0x000000008d500000| Untracked 
|  54|0x000000008d600000, 0x000000008d600000, 0x000000008d700000|  0%| F|  |TAMS 0x000000008d600000| PB 0x000000008d600000| Untracked 
|  55|0x000000008d700000, 0x000000008d700000, 0x000000008d800000|  0%| F|  |TAMS 0x000000008d700000| PB 0x000000008d700000| Untracked 
|  56|0x000000008d800000, 0x000000008d800000, 0x000000008d900000|  0%| F|  |TAMS 0x000000008d800000| PB 0x000000008d800000| Untracked 
|  57|0x000000008d900000, 0x000000008d900000, 0x000000008da00000|  0%| F|  |TAMS 0x000000008d900000| PB 0x000000008d900000| Untracked 
|  58|0x000000008da00000, 0x000000008da00000, 0x000000008db00000|  0%| F|  |TAMS 0x000000008da00000| PB 0x000000008da00000| Untracked 
|  59|0x000000008db00000, 0x000000008db00000, 0x000000008dc00000|  0%| F|  |TAMS 0x000000008db00000| PB 0x000000008db00000| Untracked 
|  60|0x000000008dc00000, 0x000000008dc00000, 0x000000008dd00000|  0%| F|  |TAMS 0x000000008dc00000| PB 0x000000008dc00000| Untracked 
|  61|0x000000008dd00000, 0x000000008dd00000, 0x000000008de00000|  0%| F|  |TAMS 0x000000008dd00000| PB 0x000000008dd00000| Untracked 
|  62|0x000000008de00000, 0x000000008de00000, 0x000000008df00000|  0%| F|  |TAMS 0x000000008de00000| PB 0x000000008de00000| Untracked 
|  63|0x000000008df00000, 0x000000008df00000, 0x000000008e000000|  0%| F|  |TAMS 0x000000008df00000| PB 0x000000008df00000| Untracked 
|  64|0x000000008e000000, 0x000000008e000000, 0x000000008e100000|  0%| F|  |TAMS 0x000000008e000000| PB 0x000000008e000000| Untracked 
|  65|0x000000008e100000, 0x000000008e100000, 0x000000008e200000|  0%| F|  |TAMS 0x000000008e100000| PB 0x000000008e100000| Untracked 
|  66|0x000000008e200000, 0x000000008e200000, 0x000000008e300000|  0%| F|  |TAMS 0x000000008e200000| PB 0x000000008e200000| Untracked 
|  67|0x000000008e300000, 0x000000008e300000, 0x000000008e400000|  0%| F|  |TAMS 0x000000008e300000| PB 0x000000008e300000| Untracked 
|  68|0x000000008e400000, 0x000000008e400000, 0x000000008e500000|  0%| F|  |TAMS 0x000000008e400000| PB 0x000000008e400000| Untracked 
|  69|0x000000008e500000, 0x000000008e500000, 0x000000008e600000|  0%| F|  |TAMS 0x000000008e500000| PB 0x000000008e500000| Untracked 
|  70|0x000000008e600000, 0x000000008e600000, 0x000000008e700000|  0%| F|  |TAMS 0x000000008e600000| PB 0x000000008e600000| Untracked 
|  71|0x000000008e700000, 0x000000008e700000, 0x000000008e800000|  0%| F|  |TAMS 0x000000008e700000| PB 0x000000008e700000| Untracked 
|  72|0x000000008e800000, 0x000000008e800000, 0x000000008e900000|  0%| F|  |TAMS 0x000000008e800000| PB 0x000000008e800000| Untracked 
|  73|0x000000008e900000, 0x000000008e900000, 0x000000008ea00000|  0%| F|  |TAMS 0x000000008e900000| PB 0x000000008e900000| Untracked 
|  74|0x000000008ea00000, 0x000000008ea00000, 0x000000008eb00000|  0%| F|  |TAMS 0x000000008ea00000| PB 0x000000008ea00000| Untracked 
|  75|0x000000008eb00000, 0x000000008eb00000, 0x000000008ec00000|  0%| F|  |TAMS 0x000000008eb00000| PB 0x000000008eb00000| Untracked 
|  76|0x000000008ec00000, 0x000000008ec00000, 0x000000008ed00000|  0%| F|  |TAMS 0x000000008ec00000| PB 0x000000008ec00000| Untracked 
|  77|0x000000008ed00000, 0x000000008ed00000, 0x000000008ee00000|  0%| F|  |TAMS 0x000000008ed00000| PB 0x000000008ed00000| Untracked 
|  78|0x000000008ee00000, 0x000000008ee00000, 0x000000008ef00000|  0%| F|  |TAMS 0x000000008ee00000| PB 0x000000008ee00000| Untracked 
|  79|0x000000008ef00000, 0x000000008ef00000, 0x000000008f000000|  0%| F|  |TAMS 0x000000008ef00000| PB 0x000000008ef00000| Untracked 
|  80|0x000000008f000000, 0x000000008f000000, 0x000000008f100000|  0%| F|  |TAMS 0x000000008f000000| PB 0x000000008f000000| Untracked 
|  81|0x000000008f100000, 0x000000008f19daa0, 0x000000008f200000| 61%| S|CS|TAMS 0x000000008f100000| PB 0x000000008f100000| Complete 
|  82|0x000000008f200000, 0x000000008f300000, 0x000000008f300000|100%| S|CS|TAMS 0x000000008f200000| PB 0x000000008f200000| Complete 
|  83|0x000000008f300000, 0x000000008f400000, 0x000000008f400000|100%| S|CS|TAMS 0x000000008f300000| PB 0x000000008f300000| Complete 
|  84|0x000000008f400000, 0x000000008f400000, 0x000000008f500000|  0%| F|  |TAMS 0x000000008f400000| PB 0x000000008f400000| Untracked 
|  85|0x000000008f500000, 0x000000008f500000, 0x000000008f600000|  0%| F|  |TAMS 0x000000008f500000| PB 0x000000008f500000| Untracked 
|  86|0x000000008f600000, 0x000000008f600000, 0x000000008f700000|  0%| F|  |TAMS 0x000000008f600000| PB 0x000000008f600000| Untracked 
|  87|0x000000008f700000, 0x000000008f700000, 0x000000008f800000|  0%| F|  |TAMS 0x000000008f700000| PB 0x000000008f700000| Untracked 
|  88|0x000000008f800000, 0x000000008f800000, 0x000000008f900000|  0%| F|  |TAMS 0x000000008f800000| PB 0x000000008f800000| Untracked 
|  89|0x000000008f900000, 0x000000008f900000, 0x000000008fa00000|  0%| F|  |TAMS 0x000000008f900000| PB 0x000000008f900000| Untracked 
|  90|0x000000008fa00000, 0x000000008fa00000, 0x000000008fb00000|  0%| F|  |TAMS 0x000000008fa00000| PB 0x000000008fa00000| Untracked 
|  91|0x000000008fb00000, 0x000000008fb00000, 0x000000008fc00000|  0%| F|  |TAMS 0x000000008fb00000| PB 0x000000008fb00000| Untracked 
|  92|0x000000008fc00000, 0x000000008fc00000, 0x000000008fd00000|  0%| F|  |TAMS 0x000000008fc00000| PB 0x000000008fc00000| Untracked 
|  93|0x000000008fd00000, 0x000000008fd00000, 0x000000008fe00000|  0%| F|  |TAMS 0x000000008fd00000| PB 0x000000008fd00000| Untracked 
|  94|0x000000008fe00000, 0x000000008fe00000, 0x000000008ff00000|  0%| F|  |TAMS 0x000000008fe00000| PB 0x000000008fe00000| Untracked 
|  95|0x000000008ff00000, 0x000000008ff31828, 0x0000000090000000| 19%| E|  |TAMS 0x000000008ff00000| PB 0x000000008ff00000| Complete 
|  96|0x0000000090000000, 0x0000000090100000, 0x0000000090100000|100%| E|CS|TAMS 0x0000000090000000| PB 0x0000000090000000| Complete 
|  97|0x0000000090100000, 0x0000000090200000, 0x0000000090200000|100%| E|CS|TAMS 0x0000000090100000| PB 0x0000000090100000| Complete 
|  98|0x0000000090200000, 0x0000000090300000, 0x0000000090300000|100%| E|CS|TAMS 0x0000000090200000| PB 0x0000000090200000| Complete 
|  99|0x0000000090300000, 0x0000000090400000, 0x0000000090400000|100%| E|CS|TAMS 0x0000000090300000| PB 0x0000000090300000| Complete 
| 100|0x0000000090400000, 0x0000000090500000, 0x0000000090500000|100%| E|CS|TAMS 0x0000000090400000| PB 0x0000000090400000| Complete 
| 101|0x0000000090500000, 0x0000000090600000, 0x0000000090600000|100%| E|CS|TAMS 0x0000000090500000| PB 0x0000000090500000| Complete 
| 102|0x0000000090600000, 0x0000000090700000, 0x0000000090700000|100%| E|CS|TAMS 0x0000000090600000| PB 0x0000000090600000| Complete 
| 103|0x0000000090700000, 0x0000000090800000, 0x0000000090800000|100%| E|CS|TAMS 0x0000000090700000| PB 0x0000000090700000| Complete 
| 104|0x0000000090800000, 0x0000000090900000, 0x0000000090900000|100%| E|CS|TAMS 0x0000000090800000| PB 0x0000000090800000| Complete 
| 105|0x0000000090900000, 0x0000000090a00000, 0x0000000090a00000|100%| E|CS|TAMS 0x0000000090900000| PB 0x0000000090900000| Complete 
| 106|0x0000000090a00000, 0x0000000090b00000, 0x0000000090b00000|100%| E|CS|TAMS 0x0000000090a00000| PB 0x0000000090a00000| Complete 
| 107|0x0000000090b00000, 0x0000000090c00000, 0x0000000090c00000|100%| E|CS|TAMS 0x0000000090b00000| PB 0x0000000090b00000| Complete 
| 108|0x0000000090c00000, 0x0000000090d00000, 0x0000000090d00000|100%| E|CS|TAMS 0x0000000090c00000| PB 0x0000000090c00000| Complete 
| 109|0x0000000090d00000, 0x0000000090e00000, 0x0000000090e00000|100%| E|CS|TAMS 0x0000000090d00000| PB 0x0000000090d00000| Complete 
| 110|0x0000000090e00000, 0x0000000090f00000, 0x0000000090f00000|100%| E|CS|TAMS 0x0000000090e00000| PB 0x0000000090e00000| Complete 
| 111|0x0000000090f00000, 0x0000000091000000, 0x0000000091000000|100%| E|CS|TAMS 0x0000000090f00000| PB 0x0000000090f00000| Complete 
| 112|0x0000000091000000, 0x0000000091100000, 0x0000000091100000|100%| E|CS|TAMS 0x0000000091000000| PB 0x0000000091000000| Complete 
| 113|0x0000000091100000, 0x0000000091200000, 0x0000000091200000|100%| E|CS|TAMS 0x0000000091100000| PB 0x0000000091100000| Complete 
| 114|0x0000000091200000, 0x0000000091300000, 0x0000000091300000|100%| E|CS|TAMS 0x0000000091200000| PB 0x0000000091200000| Complete 
| 115|0x0000000091300000, 0x0000000091400000, 0x0000000091400000|100%| E|CS|TAMS 0x0000000091300000| PB 0x0000000091300000| Complete 
| 116|0x0000000091400000, 0x0000000091500000, 0x0000000091500000|100%| E|CS|TAMS 0x0000000091400000| PB 0x0000000091400000| Complete 
| 117|0x0000000091500000, 0x0000000091600000, 0x0000000091600000|100%| E|CS|TAMS 0x0000000091500000| PB 0x0000000091500000| Complete 

Card table byte_map: [0x000001f6edc70000,0x000001f6ee020000] _byte_map_base: 0x000001f6ed820000

Marking Bits: (CMBitMap*) 0x000001f6d5f74990
 Bits: [0x000001f6ee020000, 0x000001f6efda0000)

Polling page: 0x000001f6d56f0000

Metaspace:

Usage:
  Non-class:     13.29 MB used.
      Class:      2.28 MB used.
       Both:     15.57 MB used.

Virtual space:
  Non-class space:       64.00 MB reserved,      13.44 MB ( 21%) committed,  1 nodes.
      Class space:        1.00 GB reserved,       2.44 MB ( <1%) committed,  1 nodes.
             Both:        1.06 GB reserved,      15.88 MB (  1%) committed. 

Chunk freelists:
   Non-Class:  1.77 MB
       Class:  13.53 MB
        Both:  15.30 MB

MaxMetaspaceSize: unlimited
CompressedClassSpaceSize: 1.00 GB
Initial GC threshold: 21.00 MB
Current GC threshold: 21.00 MB
CDS: on
 - commit_granule_bytes: 65536.
 - commit_granule_words: 8192.
 - virtual_space_node_default_size: 8388608.
 - enlarge_chunks_in_place: 1.
 - use_allocation_guard: 0.


Internal statistics:

num_allocs_failed_limit: 0.
num_arena_births: 378.
num_arena_deaths: 0.
num_vsnodes_births: 2.
num_vsnodes_deaths: 0.
num_space_committed: 254.
num_space_uncommitted: 0.
num_chunks_returned_to_freelist: 0.
num_chunks_taken_from_freelist: 880.
num_chunk_merges: 0.
num_chunk_splits: 603.
num_chunks_enlarged: 444.
num_inconsistent_stats: 0.

CodeHeap 'non-profiled nmethods': size=120000Kb used=1065Kb max_used=1065Kb free=118934Kb
 bounds [0x000001f6e5e40000, 0x000001f6e60b0000, 0x000001f6ed370000]
CodeHeap 'profiled nmethods': size=120000Kb used=5042Kb max_used=5042Kb free=114957Kb
 bounds [0x000001f6de370000, 0x000001f6de860000, 0x000001f6e58a0000]
CodeHeap 'non-nmethods': size=5760Kb used=1791Kb max_used=1816Kb free=3968Kb
 bounds [0x000001f6e58a0000, 0x000001f6e5b10000, 0x000001f6e5e40000]
 total_blobs=3541 nmethods=2736 adapters=709
 compilation: enabled
              stopped_count=0, restarted_count=0
 full_count=0

Compilation events (20 events):
Event: 14.156 Thread 0x000001f6f2a00b90 2731       3       javafx.scene.Node::preprocessMouseEvent (114 bytes)
Event: 14.157 Thread 0x000001f6f2a00b90 nmethod 2731 0x000001f6de855410 code [0x000001f6de855800, 0x000001f6de857848]
Event: 14.179 Thread 0x000001f6f29ff480 2732   !   4       javafx.scene.Node::pickNode (130 bytes)
Event: 14.184 Thread 0x000001f6f29ff480 nmethod 2732 0x000001f6e5f48f10 code [0x000001f6e5f49160, 0x000001f6e5f498f8]
Event: 14.266 Thread 0x000001f6f2a00b90 2733       3       com.sun.javafx.collections.VetoableListDecorator::iterator (27 bytes)
Event: 14.267 Thread 0x000001f6f2a00b90 nmethod 2733 0x000001f6de858090 code [0x000001f6de858260, 0x000001f6de858680]
Event: 14.267 Thread 0x000001f6f2a00b90 2734       3       com.sun.javafx.collections.VetoableListDecorator$ModCountAccessorImpl::<init> (10 bytes)
Event: 14.267 Thread 0x000001f6f2a00b90 nmethod 2734 0x000001f6de858810 code [0x000001f6de8589c0, 0x000001f6de858b88]
Event: 14.281 Thread 0x000001f6f2a00b90 2735       3       com.sun.javafx.tk.quantum.QuantumToolkit::isSupported (142 bytes)
Event: 14.282 Thread 0x000001f6f2a00b90 nmethod 2735 0x000001f6de858c90 code [0x000001f6de858fc0, 0x000001f6de85a110]
Event: 14.282 Thread 0x000001f6f2a00b90 2736       3       com.sun.javafx.event.CompositeEventHandler::find (44 bytes)
Event: 14.282 Thread 0x000001f6f2a00b90 nmethod 2736 0x000001f6de85a690 code [0x000001f6de85a880, 0x000001f6de85ace0]
Event: 14.328 Thread 0x000001f6f2a00b90 2737       1       com.sun.javafx.scene.NodeEventDispatcher::getFirstDispatcher (5 bytes)
Event: 14.329 Thread 0x000001f6f2a00b90 nmethod 2737 0x000001f6e5f4a190 code [0x000001f6e5f4a320, 0x000001f6e5f4a3e8]
Event: 14.329 Thread 0x000001f6f2a00b90 2738       1       com.sun.javafx.scene.NodeEventDispatcher::getLastDispatcher (5 bytes)
Event: 14.329 Thread 0x000001f6f2a00b90 nmethod 2738 0x000001f6e5f4a490 code [0x000001f6e5f4a620, 0x000001f6e5f4a6e8]
Event: 14.747 Thread 0x000001f6f2a00b90 2739   !   3       com.sun.javafx.event.EventUtil::fireEvent (81 bytes)
Event: 14.748 Thread 0x000001f6f2a00b90 nmethod 2739 0x000001f6de85ae10 code [0x000001f6de85b120, 0x000001f6de85c220]
Event: 19.145 Thread 0x000001f6f29ff480 2740       4       java.lang.Class::getPackageName (81 bytes)
Event: 19.145 Thread 0x000001f6f2a00b90 2741       3       java.lang.invoke.Invokers::callSiteForm (297 bytes)

GC Heap History (4 events):
Event: 1.370 GC heap before
{Heap before GC invocations=0 (full 0):
 garbage-first heap   total 120832K, used 22528K [0x000000008a000000, 0x0000000100000000)
  region size 1024K, 23 young (23552K), 0 survivors (0K)
 Metaspace       used 5012K, committed 5376K, reserved 1114112K
  class space    used 533K, committed 704K, reserved 1048576K
}
Event: 1.377 GC heap after
{Heap after GC invocations=1 (full 0):
 garbage-first heap   total 120832K, used 3954K [0x000000008a000000, 0x0000000100000000)
  region size 1024K, 3 young (3072K), 3 survivors (3072K)
 Metaspace       used 5012K, committed 5376K, reserved 1114112K
  class space    used 533K, committed 704K, reserved 1048576K
}
Event: 2.216 GC heap before
{Heap before GC invocations=1 (full 0):
 garbage-first heap   total 120832K, used 34674K [0x000000008a000000, 0x0000000100000000)
  region size 1024K, 34 young (34816K), 3 survivors (3072K)
 Metaspace       used 12020K, committed 12416K, reserved 1114112K
  class space    used 1656K, committed 1856K, reserved 1048576K
}
Event: 2.222 GC heap after
{Heap after GC invocations=2 (full 0):
 garbage-first heap   total 120832K, used 6745K [0x000000008a000000, 0x0000000100000000)
  region size 1024K, 3 young (3072K), 3 survivors (3072K)
 Metaspace       used 12020K, committed 12416K, reserved 1114112K
  class space    used 1656K, committed 1856K, reserved 1048576K
}

Dll operation events (20 events):
Event: 0.778 Loaded shared library C:\Users\Настя\.openjfx\cache\21-ea+null\amd64\api-ms-win-crt-locale-l1-1-0.dll
Event: 0.784 Loaded shared library C:\Users\Настя\.openjfx\cache\21-ea+null\amd64\api-ms-win-crt-math-l1-1-0.dll
Event: 0.787 Loaded shared library C:\Users\Настя\.openjfx\cache\21-ea+null\amd64\api-ms-win-crt-multibyte-l1-1-0.dll
Event: 0.792 Loaded shared library C:\Users\Настя\.openjfx\cache\21-ea+null\amd64\api-ms-win-crt-private-l1-1-0.dll
Event: 0.798 Loaded shared library C:\Users\Настя\.openjfx\cache\21-ea+null\amd64\api-ms-win-crt-process-l1-1-0.dll
Event: 0.809 Loaded shared library C:\Users\Настя\.openjfx\cache\21-ea+null\amd64\api-ms-win-crt-runtime-l1-1-0.dll
Event: 0.816 Loaded shared library C:\Users\Настя\.openjfx\cache\21-ea+null\amd64\api-ms-win-crt-stdio-l1-1-0.dll
Event: 0.820 Loaded shared library C:\Users\Настя\.openjfx\cache\21-ea+null\amd64\api-ms-win-crt-string-l1-1-0.dll
Event: 0.823 Loaded shared library C:\Users\Настя\.openjfx\cache\21-ea+null\amd64\api-ms-win-crt-time-l1-1-0.dll
Event: 0.826 Loaded shared library C:\Users\Настя\.openjfx\cache\21-ea+null\amd64\api-ms-win-crt-utility-l1-1-0.dll
Event: 0.842 Loaded shared library C:\Users\Настя\.openjfx\cache\21-ea+null\amd64\ucrtbase.dll
Event: 0.849 Loaded shared library C:\Users\Настя\.openjfx\cache\21-ea+null\amd64\vcruntime140.dll
Event: 0.854 Loaded shared library C:\Users\Настя\.openjfx\cache\21-ea+null\amd64\vcruntime140_1.dll
Event: 0.932 Loaded shared library C:\Users\Настя\.openjfx\cache\21-ea+null\amd64\msvcp140.dll
Event: 0.939 Loaded shared library C:\Users\Настя\.openjfx\cache\21-ea+null\amd64\msvcp140_1.dll
Event: 0.950 Loaded shared library C:\Users\Настя\.openjfx\cache\21-ea+null\amd64\msvcp140_2.dll
Event: 1.065 Loaded shared library C:\Users\Настя\.openjfx\cache\21-ea+null\amd64\prism_d3d.dll
Event: 1.172 Loaded shared library C:\Users\Настя\.jdks\openjdk-21.0.1\bin\jimage.dll
Event: 1.210 Loaded shared library C:\Users\Настя\.openjfx\cache\21-ea+null\amd64\glass.dll
Event: 1.623 Loaded shared library C:\Users\Настя\.openjfx\cache\21-ea+null\amd64\javafx_font.dll

Deoptimization events (20 events):
Event: 2.638 Thread 0x000001f6f2c1aac0 Uncommon trap: trap_request=0xffffffde fr.pc=0x000001f6e5eb6bc0 relative=0x00000000000004c0
Event: 2.638 Thread 0x000001f6f2c1aac0 Uncommon trap: reason=class_check action=maybe_recompile pc=0x000001f6e5eb6bc0 method=java.io.BufferedInputStream.read1([BII)I @ 52 c2
Event: 2.638 Thread 0x000001f6f2c1aac0 DEOPT PACKING pc=0x000001f6e5eb6bc0 sp=0x00000008db0fd8a0
Event: 2.638 Thread 0x000001f6f2c1aac0 DEOPT UNPACKING pc=0x000001f6e58f46a2 sp=0x00000008db0fd858 mode 2
Event: 2.643 Thread 0x000001f6f2c1aac0 Uncommon trap: trap_request=0xffffffde fr.pc=0x000001f6e5eb6bc0 relative=0x00000000000004c0
Event: 2.643 Thread 0x000001f6f2c1aac0 Uncommon trap: reason=class_check action=maybe_recompile pc=0x000001f6e5eb6bc0 method=java.io.BufferedInputStream.read1([BII)I @ 52 c2
Event: 2.643 Thread 0x000001f6f2c1aac0 DEOPT PACKING pc=0x000001f6e5eb6bc0 sp=0x00000008db0fd970
Event: 2.643 Thread 0x000001f6f2c1aac0 DEOPT UNPACKING pc=0x000001f6e58f46a2 sp=0x00000008db0fd928 mode 2
Event: 8.447 Thread 0x000001f6f2c1aac0 DEOPT PACKING pc=0x000001f6de6b42ca sp=0x00000008db0fdce0
Event: 8.447 Thread 0x000001f6f2c1aac0 DEOPT UNPACKING pc=0x000001f6e58f4e42 sp=0x00000008db0fd138 mode 0
Event: 8.454 Thread 0x000001f6f2c1aac0 DEOPT PACKING pc=0x000001f6de6b42ca sp=0x00000008db0fdce0
Event: 8.454 Thread 0x000001f6f2c1aac0 DEOPT UNPACKING pc=0x000001f6e58f4e42 sp=0x00000008db0fd138 mode 0
Event: 11.126 Thread 0x000001f6f2c1d220 Uncommon trap: trap_request=0xffffffc6 fr.pc=0x000001f6e5ed8b60 relative=0x00000000000003e0
Event: 11.126 Thread 0x000001f6f2c1d220 Uncommon trap: reason=bimorphic_or_optimized_type_check action=maybe_recompile pc=0x000001f6e5ed8b60 method=java.util.regex.Pattern$BmpCharPropertyGreedy.match(Ljava/util/regex/Matcher;ILjava/lang/CharSequence;)Z @ 26 c2
Event: 11.126 Thread 0x000001f6f2c1d220 DEOPT PACKING pc=0x000001f6e5ed8b60 sp=0x00000008db5f8300
Event: 11.127 Thread 0x000001f6f2c1d220 DEOPT UNPACKING pc=0x000001f6e58f46a2 sp=0x00000008db5f82b8 mode 2
Event: 11.137 Thread 0x000001f6f2c1d220 Uncommon trap: trap_request=0xffffff45 fr.pc=0x000001f6e5e4bf20 relative=0x00000000000001e0
Event: 11.137 Thread 0x000001f6f2c1d220 Uncommon trap: reason=unstable_if action=reinterpret pc=0x000001f6e5e4bf20 method=jdk.internal.util.ArraysSupport.vectorizedHashCode(Ljava/lang/Object;IIII)I @ 2 c2
Event: 11.137 Thread 0x000001f6f2c1d220 DEOPT PACKING pc=0x000001f6e5e4bf20 sp=0x00000008db5f72b0
Event: 11.137 Thread 0x000001f6f2c1d220 DEOPT UNPACKING pc=0x000001f6e58f46a2 sp=0x00000008db5f7260 mode 2

Classes loaded (20 events):
Event: 2.565 Loading class jdk/internal/ref/CleanerImpl$InnocuousThreadFactory
Event: 2.565 Loading class jdk/internal/ref/CleanerImpl$InnocuousThreadFactory done
Event: 2.579 Loading class sun/misc/Unsafe
Event: 2.579 Loading class sun/misc/Unsafe done
Event: 2.582 Loading class java/lang/invoke/DirectMethodHandle$StaticAccessor
Event: 2.582 Loading class java/lang/invoke/DirectMethodHandle$StaticAccessor done
Event: 2.648 Loading class java/nio/ShortBuffer
Event: 2.648 Loading class java/nio/ShortBuffer done
Event: 2.648 Loading class java/nio/FloatBuffer
Event: 2.649 Loading class java/nio/FloatBuffer done
Event: 2.649 Loading class java/nio/DoubleBuffer
Event: 2.649 Loading class java/nio/DoubleBuffer done
Event: 2.651 Loading class java/nio/DirectFloatBufferU
Event: 2.651 Loading class java/nio/DirectFloatBufferU done
Event: 8.126 Loading class java/io/UnsupportedEncodingException
Event: 8.126 Loading class java/io/UnsupportedEncodingException done
Event: 11.132 Loading class java/io/SequenceInputStream
Event: 11.132 Loading class java/io/SequenceInputStream done
Event: 19.142 Loading class jdk/internal/misc/Signal$1
Event: 19.143 Loading class jdk/internal/misc/Signal$1 done

Classes unloaded (0 events):
No events

Classes redefined (0 events):
No events

Internal exceptions (20 events):
Event: 2.298 Thread 0x000001f6f2c1d220 Exception <a 'java/lang/ClassNotFoundException'{0x00000000912cb6f0}: com/sun/javafx/scene/control/skin/resources/controls_ru> (0x00000000912cb6f0) 
thrown [s\open\src\hotspot\share\prims\jni.cpp, line 539]
Event: 2.298 Thread 0x000001f6f2c1d220 Exception <a 'java/lang/ClassNotFoundException'{0x00000000912cc698}: com/sun/javafx/scene/control/skin/resources/controls_ru_RU> (0x00000000912cc698) 
thrown [s\open\src\hotspot\share\prims\jni.cpp, line 539]
Event: 2.329 Thread 0x000001f6f2c1d220 Exception <a 'java/lang/NoSuchMethodError'{0x0000000091070050}: 'void java.lang.invoke.DirectMethodHandle$Holder.invokeSpecial(java.lang.Object, java.lang.Object, java.lang.Object, java.lang.Object, java.lang.Object, java.lang.Object)'> (0x0000000091070050) 
thrown [s\open\src\hotspot\share\interpreter\linkResolver.cpp, line 773]
Event: 2.386 Thread 0x000001f6f2c1d220 Exception <a 'java/lang/NoSuchMethodError'{0x0000000090cecbb0}: 'int java.lang.invoke.DirectMethodHandle$Holder.invokeSpecial(java.lang.Object, java.lang.Object, int)'> (0x0000000090cecbb0) 
thrown [s\open\src\hotspot\share\interpreter\linkResolver.cpp, line 773]
Event: 2.404 Thread 0x000001f6f2c1d220 Exception <a 'java/lang/NoSuchMethodError'{0x0000000090b3e4e8}: 'java.lang.Object java.lang.invoke.DirectMethodHandle$Holder.newInvokeSpecial(java.lang.Object, java.lang.Object, int)'> (0x0000000090b3e4e8) 
thrown [s\open\src\hotspot\share\interpreter\linkResolver.cpp, line 773]
Event: 2.514 Thread 0x000001f6f2c1aac0 Exception <a 'java/lang/NoSuchMethodError'{0x0000000090a2ce98}: 'int java.lang.invoke.DirectMethodHandle$Holder.invokeStaticInit(java.lang.Object, java.lang.Object)'> (0x0000000090a2ce98) 
thrown [s\open\src\hotspot\share\interpreter\linkResolver.cpp, line 773]
Event: 8.142 Thread 0x000001f6f2c1d220 Exception <a 'java/lang/NoSuchMethodError'{0x0000000090538568}: 'long java.lang.invoke.DirectMethodHandle$Holder.invokeStatic(java.lang.Object, java.lang.Object, java.lang.Object)'> (0x0000000090538568) 
thrown [s\open\src\hotspot\share\interpreter\linkResolver.cpp, line 773]
Event: 8.143 Thread 0x000001f6f2c1d220 Exception <a 'java/lang/NoSuchMethodError'{0x000000009053b938}: 'long java.lang.invoke.DirectMethodHandle$Holder.invokeStaticInit(java.lang.Object, java.lang.Object, java.lang.Object)'> (0x000000009053b938) 
thrown [s\open\src\hotspot\share\interpreter\linkResolver.cpp, line 773]
Event: 8.144 Thread 0x000001f6f2c1d220 Exception <a 'java/lang/NoSuchMethodError'{0x000000009054ff30}: 'java.lang.Object java.lang.invoke.DirectMethodHandle$Holder.newInvokeSpecial(java.lang.Object, java.lang.Object, long)'> (0x000000009054ff30) 
thrown [s\open\src\hotspot\share\interpreter\linkResolver.cpp, line 773]
Event: 8.144 Thread 0x000001f6f2c1d220 Exception <a 'java/lang/NoSuchMethodError'{0x0000000090553828}: 'java.lang.Object java.lang.invoke.Invokers$Holder.linkToTargetMethod(java.lang.Object, long, java.lang.Object)'> (0x0000000090553828) 
thrown [s\open\src\hotspot\share\interpreter\linkResolver.cpp, line 773]
Event: 11.141 Thread 0x000001f6f2c1d220 Exception <a 'java/io/FileNotFoundException'{0x00000000902af1e0}> (0x00000000902af1e0) 
thrown [s\open\src\hotspot\share\prims\jni.cpp, line 520]
Event: 11.150 Thread 0x000001f6f2c1d220 Exception <a 'java/io/FileNotFoundException'{0x00000000902c0db0}> (0x00000000902c0db0) 
thrown [s\open\src\hotspot\share\prims\jni.cpp, line 520]
Event: 11.152 Thread 0x000001f6f2c1d220 Exception <a 'java/io/FileNotFoundException'{0x00000000902c7198}> (0x00000000902c7198) 
thrown [s\open\src\hotspot\share\prims\jni.cpp, line 520]
Event: 11.154 Thread 0x000001f6f2c1d220 Exception <a 'java/io/FileNotFoundException'{0x00000000902cd508}> (0x00000000902cd508) 
thrown [s\open\src\hotspot\share\prims\jni.cpp, line 520]
Event: 11.156 Thread 0x000001f6f2c1d220 Exception <a 'java/io/FileNotFoundException'{0x00000000902d3880}> (0x00000000902d3880) 
thrown [s\open\src\hotspot\share\prims\jni.cpp, line 520]
Event: 11.158 Thread 0x000001f6f2c1d220 Exception <a 'java/io/FileNotFoundException'{0x00000000902d9b50}> (0x00000000902d9b50) 
thrown [s\open\src\hotspot\share\prims\jni.cpp, line 520]
Event: 11.160 Thread 0x000001f6f2c1d220 Exception <a 'java/io/FileNotFoundException'{0x00000000902dfe00}> (0x00000000902dfe00) 
thrown [s\open\src\hotspot\share\prims\jni.cpp, line 520]
Event: 11.163 Thread 0x000001f6f2c1d220 Exception <a 'java/io/FileNotFoundException'{0x00000000902e6138}> (0x00000000902e6138) 
thrown [s\open\src\hotspot\share\prims\jni.cpp, line 520]
Event: 11.167 Thread 0x000001f6f2c1d220 Exception <a 'java/io/FileNotFoundException'{0x00000000902ec6d0}> (0x00000000902ec6d0) 
thrown [s\open\src\hotspot\share\prims\jni.cpp, line 520]
Event: 11.171 Thread 0x000001f6f2c1d220 Exception <a 'java/io/FileNotFoundException'{0x00000000902f37e0}> (0x00000000902f37e0) 
thrown [s\open\src\hotspot\share\prims\jni.cpp, line 520]

ZGC Phase Switch (0 events):
No events

VM Operations (20 events):
Event: 2.222 Executing VM operation: G1CollectForAllocation (G1 Evacuation Pause) done
Event: 2.361 Executing VM operation: HandshakeAllThreads (Deoptimize)
Event: 2.361 Executing VM operation: HandshakeAllThreads (Deoptimize) done
Event: 3.360 Executing VM operation: Cleanup
Event: 3.361 Executing VM operation: Cleanup done
Event: 8.364 Executing VM operation: Cleanup
Event: 8.364 Executing VM operation: Cleanup done
Event: 9.364 Executing VM operation: Cleanup
Event: 9.365 Executing VM operation: Cleanup done
Event: 10.365 Executing VM operation: Cleanup
Event: 10.365 Executing VM operation: Cleanup done
Event: 11.366 Executing VM operation: Cleanup
Event: 11.366 Executing VM operation: Cleanup done
Event: 13.367 Executing VM operation: Cleanup
Event: 13.367 Executing VM operation: Cleanup done
Event: 14.368 Executing VM operation: Cleanup
Event: 14.368 Executing VM operation: Cleanup done
Event: 15.369 Executing VM operation: Cleanup
Event: 15.369 Executing VM operation: Cleanup done
Event: 19.146 Executing VM operation: Exit

Events (20 events):
Event: 0.072 Thread 0x000001f6f29ff480 Thread added: 0x000001f6f29ff480
Event: 0.072 Thread 0x000001f6f2a00b90 Thread added: 0x000001f6f2a00b90
Event: 0.110 Thread 0x000001f6f2c1be70 Thread added: 0x000001f6f2c1be70
Event: 0.186 Thread 0x000001f6f2a03470 Thread added: 0x000001f6f2a03470
Event: 0.352 Thread 0x000001f6f2c1d8b0 Thread added: 0x000001f6f2c1d8b0
Event: 0.352 Thread 0x000001f6f2c1cb90 Thread added: 0x000001f6f2c1cb90
Event: 1.050 Thread 0x000001f6f2c1aac0 Thread added: 0x000001f6f2c1aac0
Event: 1.216 Thread 0x000001f6f2c1c500 Thread added: 0x000001f6f2c1c500
Event: 1.224 Thread 0x000001f6f2c1d220 Thread added: 0x000001f6f2c1d220
Event: 1.357 Thread 0x000001f6f2c1df40 Thread added: 0x000001f6f2c1df40
Event: 1.368 Thread 0x000001f6f2c1b150 Thread added: 0x000001f6f2c1b150
Event: 2.203 Thread 0x000001f6f84fa600 Thread added: 0x000001f6f84fa600
Event: 2.223 Thread 0x000001f6f2a03470 Thread exited: 0x000001f6f2a03470
Event: 2.565 Thread 0x000001f6f84f98e0 Thread added: 0x000001f6f84f98e0
Event: 19.143 Thread 0x000001f6f84fcd60 Thread added: 0x000001f6f84fcd60
Event: 19.144 Thread 0x000001f6f84fac90 Thread added: 0x000001f6f84fac90
Event: 19.145 Thread 0x000001f6f84fb9b0 Thread added: 0x000001f6f84fb9b0
Event: 19.145 Thread 0x000001f6f84fac90 Thread exited: 0x000001f6f84fac90
Event: 19.146 Thread 0x000001f6f84fb9b0 Thread exited: 0x000001f6f84fb9b0
Event: 19.146 Thread 0x000001f6f29eea80 Thread exited: 0x000001f6f29eea80


Dynamic libraries:
0x00007ff628020000 - 0x00007ff62802e000 	C:\Users\Настя\.jdks\openjdk-21.0.1\bin\java.exe
0x00007ffaccc10000 - 0x00007ffacce27000 	C:\WINDOWS\SYSTEM32\ntdll.dll
0x00007ffacb150000 - 0x00007ffacb214000 	C:\WINDOWS\System32\KERNEL32.DLL
0x00007ffaca5b0000 - 0x00007ffaca955000 	C:\WINDOWS\System32\KERNELBASE.dll
0x00007ffaca410000 - 0x00007ffaca521000 	C:\WINDOWS\System32\ucrtbase.dll
0x00007ffab6440000 - 0x00007ffab645b000 	C:\Users\Настя\.jdks\openjdk-21.0.1\bin\VCRUNTIME140.dll
0x00007ffab6230000 - 0x00007ffab6248000 	C:\Users\Настя\.jdks\openjdk-21.0.1\bin\jli.dll
0x00007ffacb6c0000 - 0x00007ffacb86e000 	C:\WINDOWS\System32\USER32.dll
0x00007ffabbed0000 - 0x00007ffabc163000 	C:\WINDOWS\WinSxS\amd64_microsoft.windows.common-controls_6595b64144ccf1df_6.0.22621.2506_none_270c5ae97388e100\COMCTL32.dll
0x00007ffaca3e0000 - 0x00007ffaca406000 	C:\WINDOWS\System32\win32u.dll
0x00007ffacaee0000 - 0x00007ffacaf87000 	C:\WINDOWS\System32\msvcrt.dll
0x00007ffacadd0000 - 0x00007ffacadf9000 	C:\WINDOWS\System32\GDI32.dll
0x00007ffaca1b0000 - 0x00007ffaca2c9000 	C:\WINDOWS\System32\gdi32full.dll
0x00007ffaca340000 - 0x00007ffaca3da000 	C:\WINDOWS\System32\msvcp_win.dll
0x00007ffacad80000 - 0x00007ffacadb1000 	C:\WINDOWS\System32\IMM32.DLL
0x00007ffab7850000 - 0x00007ffab785c000 	C:\Users\Настя\.jdks\openjdk-21.0.1\bin\vcruntime140_1.dll
0x00007ffa9e3a0000 - 0x00007ffa9e42e000 	C:\Users\Настя\.jdks\openjdk-21.0.1\bin\msvcp140.dll
0x00007ffa3eea0000 - 0x00007ffa3fbb5000 	C:\Users\Настя\.jdks\openjdk-21.0.1\bin\server\jvm.dll
0x00007ffacbdf0000 - 0x00007ffacbea1000 	C:\WINDOWS\System32\ADVAPI32.dll
0x00007ffacbed0000 - 0x00007ffacbf76000 	C:\WINDOWS\System32\sechost.dll
0x00007ffacc0b0000 - 0x00007ffacc1c7000 	C:\WINDOWS\System32\RPCRT4.dll
0x00007ffacbf80000 - 0x00007ffacbff1000 	C:\WINDOWS\System32\WS2_32.dll
0x00007ffac2c20000 - 0x00007ffac2c54000 	C:\WINDOWS\SYSTEM32\WINMM.dll
0x00007ffac0e80000 - 0x00007ffac0e8a000 	C:\WINDOWS\SYSTEM32\VERSION.dll
0x00007ffac9a10000 - 0x00007ffac9a5d000 	C:\WINDOWS\SYSTEM32\POWRPROF.dll
0x00007ffac98c0000 - 0x00007ffac98d3000 	C:\WINDOWS\SYSTEM32\UMPDC.dll
0x00007ffac8ee0000 - 0x00007ffac8ef8000 	C:\WINDOWS\SYSTEM32\kernel.appcore.dll
0x00007ffab67b0000 - 0x00007ffab67ba000 	C:\Users\Настя\.jdks\openjdk-21.0.1\bin\jimage.dll
0x00007ffabac60000 - 0x00007ffabae93000 	C:\WINDOWS\SYSTEM32\DBGHELP.DLL
0x00007ffacb870000 - 0x00007ffacbbf9000 	C:\WINDOWS\System32\combase.dll
0x00007ffacae00000 - 0x00007ffacaed7000 	C:\WINDOWS\System32\OLEAUT32.dll
0x00007ffaa64f0000 - 0x00007ffaa6522000 	C:\WINDOWS\SYSTEM32\dbgcore.DLL
0x00007ffaca530000 - 0x00007ffaca5aa000 	C:\WINDOWS\System32\bcryptPrimitives.dll
0x00007ffac7260000 - 0x00007ffac726f000 	C:\Users\Настя\.jdks\openjdk-21.0.1\bin\instrument.dll
0x00007ffaad800000 - 0x00007ffaad81f000 	C:\Users\Настя\.jdks\openjdk-21.0.1\bin\java.dll
0x00007ffacc370000 - 0x00007ffaccbc9000 	C:\WINDOWS\System32\SHELL32.dll
0x00007ffac7e50000 - 0x00007ffac8744000 	C:\WINDOWS\SYSTEM32\windows.storage.dll
0x00007ffac7d10000 - 0x00007ffac7e4e000 	C:\WINDOWS\SYSTEM32\wintypes.dll
0x00007ffacbc00000 - 0x00007ffacbcf3000 	C:\WINDOWS\System32\SHCORE.dll
0x00007ffacbd80000 - 0x00007ffacbdde000 	C:\WINDOWS\System32\shlwapi.dll
0x00007ffac9eb0000 - 0x00007ffac9ed6000 	C:\WINDOWS\SYSTEM32\profapi.dll
0x00007ffa8bca0000 - 0x00007ffa8bd77000 	C:\Users\Настя\.jdks\openjdk-21.0.1\bin\jsvml.dll
0x00007ffab65c0000 - 0x00007ffab65d0000 	C:\Users\Настя\.jdks\openjdk-21.0.1\bin\net.dll
0x00007ffac22b0000 - 0x00007ffac23e7000 	C:\WINDOWS\SYSTEM32\WINHTTP.dll
0x00007ffac93b0000 - 0x00007ffac9419000 	C:\WINDOWS\system32\mswsock.dll
0x00007ffaad7e0000 - 0x00007ffaad7f6000 	C:\Users\Настя\.jdks\openjdk-21.0.1\bin\nio.dll
0x00007ffaa2f90000 - 0x00007ffaa2fa8000 	C:\Users\Настя\.jdks\openjdk-21.0.1\bin\zip.dll
0x00007ffa9f680000 - 0x00007ffa9f69a000 	C:\Program Files\JetBrains\IntelliJ IDEA Community Edition 2023.2.5\bin\breakgen64.dll
0x000001f6f2f60000 - 0x000001f6f2f63000 	C:\Users\Настя\.openjfx\cache\21-ea+null\amd64\api-ms-win-core-console-l1-1-0.dll
0x000001f6f2f70000 - 0x000001f6f2f73000 	C:\Users\Настя\.openjfx\cache\21-ea+null\amd64\api-ms-win-core-console-l1-2-0.dll
0x000001f6f2f80000 - 0x000001f6f2f83000 	C:\Users\Настя\.openjfx\cache\21-ea+null\amd64\api-ms-win-core-datetime-l1-1-0.dll
0x000001f6f2f90000 - 0x000001f6f2f93000 	C:\Users\Настя\.openjfx\cache\21-ea+null\amd64\api-ms-win-core-debug-l1-1-0.dll
0x000001f6f2fa0000 - 0x000001f6f2fa3000 	C:\Users\Настя\.openjfx\cache\21-ea+null\amd64\api-ms-win-core-errorhandling-l1-1-0.dll
0x000001f6f2fb0000 - 0x000001f6f2fb4000 	C:\Users\Настя\.openjfx\cache\21-ea+null\amd64\api-ms-win-core-file-l1-1-0.dll
0x000001f6f2fc0000 - 0x000001f6f2fc3000 	C:\Users\Настя\.openjfx\cache\21-ea+null\amd64\api-ms-win-core-file-l1-2-0.dll
0x000001f6f2fd0000 - 0x000001f6f2fd3000 	C:\Users\Настя\.openjfx\cache\21-ea+null\amd64\api-ms-win-core-file-l2-1-0.dll
0x000001f6f2fe0000 - 0x000001f6f2fe3000 	C:\Users\Настя\.openjfx\cache\21-ea+null\amd64\api-ms-win-core-handle-l1-1-0.dll
0x000001f6f2ff0000 - 0x000001f6f2ff3000 	C:\Users\Настя\.openjfx\cache\21-ea+null\amd64\api-ms-win-core-heap-l1-1-0.dll
0x000001f6f87d0000 - 0x000001f6f87d3000 	C:\Users\Настя\.openjfx\cache\21-ea+null\amd64\api-ms-win-core-interlocked-l1-1-0.dll
0x000001f6f87e0000 - 0x000001f6f87e3000 	C:\Users\Настя\.openjfx\cache\21-ea+null\amd64\api-ms-win-core-libraryloader-l1-1-0.dll
0x000001f6f8910000 - 0x000001f6f8913000 	C:\Users\Настя\.openjfx\cache\21-ea+null\amd64\api-ms-win-core-localization-l1-2-0.dll
0x000001f6f87f0000 - 0x000001f6f87f3000 	C:\Users\Настя\.openjfx\cache\21-ea+null\amd64\api-ms-win-core-memory-l1-1-0.dll
0x000001f6f8800000 - 0x000001f6f8803000 	C:\Users\Настя\.openjfx\cache\21-ea+null\amd64\api-ms-win-core-namedpipe-l1-1-0.dll
0x000001f6f8810000 - 0x000001f6f8813000 	C:\Users\Настя\.openjfx\cache\21-ea+null\amd64\api-ms-win-core-processenvironment-l1-1-0.dll
0x000001f6f8820000 - 0x000001f6f8823000 	C:\Users\Настя\.openjfx\cache\21-ea+null\amd64\api-ms-win-core-processthreads-l1-1-0.dll
0x000001f6f8830000 - 0x000001f6f8833000 	C:\Users\Настя\.openjfx\cache\21-ea+null\amd64\api-ms-win-core-processthreads-l1-1-1.dll
0x000001f6f8840000 - 0x000001f6f8843000 	C:\Users\Настя\.openjfx\cache\21-ea+null\amd64\api-ms-win-core-profile-l1-1-0.dll
0x000001f6f8850000 - 0x000001f6f8853000 	C:\Users\Настя\.openjfx\cache\21-ea+null\amd64\api-ms-win-core-rtlsupport-l1-1-0.dll
0x000001f6f8860000 - 0x000001f6f8863000 	C:\Users\Настя\.openjfx\cache\21-ea+null\amd64\api-ms-win-core-string-l1-1-0.dll
0x000001f6f8870000 - 0x000001f6f8873000 	C:\Users\Настя\.openjfx\cache\21-ea+null\amd64\api-ms-win-core-synch-l1-1-0.dll
0x000001f6f8880000 - 0x000001f6f8883000 	C:\Users\Настя\.openjfx\cache\21-ea+null\amd64\api-ms-win-core-synch-l1-2-0.dll
0x000001f6f8890000 - 0x000001f6f8893000 	C:\Users\Настя\.openjfx\cache\21-ea+null\amd64\api-ms-win-core-sysinfo-l1-1-0.dll
0x000001f6f88a0000 - 0x000001f6f88a3000 	C:\Users\Настя\.openjfx\cache\21-ea+null\amd64\api-ms-win-core-timezone-l1-1-0.dll
0x000001f6f88b0000 - 0x000001f6f88b3000 	C:\Users\Настя\.openjfx\cache\21-ea+null\amd64\api-ms-win-core-util-l1-1-0.dll
0x000001f6f88c0000 - 0x000001f6f88c3000 	C:\Users\Настя\.openjfx\cache\21-ea+null\amd64\api-ms-win-crt-conio-l1-1-0.dll
0x000001f6f88d0000 - 0x000001f6f88d4000 	C:\Users\Настя\.openjfx\cache\21-ea+null\amd64\api-ms-win-crt-convert-l1-1-0.dll
0x000001f6f88e0000 - 0x000001f6f88e3000 	C:\Users\Настя\.openjfx\cache\21-ea+null\amd64\api-ms-win-crt-environment-l1-1-0.dll
0x000001f6f88f0000 - 0x000001f6f88f3000 	C:\Users\Настя\.openjfx\cache\21-ea+null\amd64\api-ms-win-crt-filesystem-l1-1-0.dll
0x000001f6f8900000 - 0x000001f6f8903000 	C:\Users\Настя\.openjfx\cache\21-ea+null\amd64\api-ms-win-crt-heap-l1-1-0.dll
0x000001f6f8ca0000 - 0x000001f6f8ca3000 	C:\Users\Настя\.openjfx\cache\21-ea+null\amd64\api-ms-win-crt-locale-l1-1-0.dll
0x000001f6f8cb0000 - 0x000001f6f8cb5000 	C:\Users\Настя\.openjfx\cache\21-ea+null\amd64\api-ms-win-crt-math-l1-1-0.dll
0x000001f6f8cc0000 - 0x000001f6f8cc5000 	C:\Users\Настя\.openjfx\cache\21-ea+null\amd64\api-ms-win-crt-multibyte-l1-1-0.dll
0x000001f6f8920000 - 0x000001f6f8930000 	C:\Users\Настя\.openjfx\cache\21-ea+null\amd64\api-ms-win-crt-private-l1-1-0.dll
0x000001f6f8930000 - 0x000001f6f8933000 	C:\Users\Настя\.openjfx\cache\21-ea+null\amd64\api-ms-win-crt-process-l1-1-0.dll
0x000001f6f8940000 - 0x000001f6f8944000 	C:\Users\Настя\.openjfx\cache\21-ea+null\amd64\api-ms-win-crt-runtime-l1-1-0.dll
0x000001f6f8950000 - 0x000001f6f8954000 	C:\Users\Настя\.openjfx\cache\21-ea+null\amd64\api-ms-win-crt-stdio-l1-1-0.dll
0x000001f6f8960000 - 0x000001f6f8964000 	C:\Users\Настя\.openjfx\cache\21-ea+null\amd64\api-ms-win-crt-string-l1-1-0.dll
0x000001f6f8970000 - 0x000001f6f8973000 	C:\Users\Настя\.openjfx\cache\21-ea+null\amd64\api-ms-win-crt-time-l1-1-0.dll
0x000001f6f8980000 - 0x000001f6f8983000 	C:\Users\Настя\.openjfx\cache\21-ea+null\amd64\api-ms-win-crt-utility-l1-1-0.dll
0x00007ffa85c70000 - 0x00007ffa85d6c000 	C:\Users\Настя\.openjfx\cache\21-ea+null\amd64\ucrtbase.dll
0x00007ffa9e570000 - 0x00007ffa9e58b000 	C:\Users\Настя\.openjfx\cache\21-ea+null\amd64\vcruntime140.dll
0x00007ffaa05d0000 - 0x00007ffaa05dc000 	C:\Users\Настя\.openjfx\cache\21-ea+null\amd64\vcruntime140_1.dll
0x00007ffa89a70000 - 0x00007ffa89afe000 	C:\Users\Настя\.openjfx\cache\21-ea+null\amd64\msvcp140.dll
0x00007ffacab70000 - 0x00007ffacad10000 	C:\WINDOWS\System32\ole32.dll
0x00007ffa9fc10000 - 0x00007ffa9fc19000 	C:\Users\Настя\.openjfx\cache\21-ea+null\amd64\msvcp140_1.dll
0x00007ffa9a450000 - 0x00007ffa9a47f000 	C:\Users\Настя\.openjfx\cache\21-ea+null\amd64\msvcp140_2.dll
0x00007ffa99450000 - 0x00007ffa9947f000 	C:\Users\Настя\.openjfx\cache\21-ea+null\amd64\prism_d3d.dll
0x00007ffabf9f0000 - 0x00007ffabfb99000 	C:\WINDOWS\system32\d3d9.dll
0x00007ffac76c0000 - 0x00007ffac76eb000 	C:\WINDOWS\SYSTEM32\dwmapi.dll
0x00007ffac7550000 - 0x00007ffac7586000 	C:\WINDOWS\SYSTEM32\dxcore.dll
0x00007ffac7430000 - 0x00007ffac74db000 	C:\WINDOWS\system32\uxtheme.dll
0x00007ffac0160000 - 0x00007ffac033b000 	C:\WINDOWS\System32\DriverStore\FileRepository\u0357176.inf_amd64_828ff99cacd4aa89\B356563\aticfx64.dll
0x00007ffa5be90000 - 0x00007ffa5bec3000 	C:\WINDOWS\System32\DriverStore\FileRepository\u0357176.inf_amd64_828ff99cacd4aa89\B356563\atiu9p64.dll
0x00007ffa5b1f0000 - 0x00007ffa5be86000 	C:\WINDOWS\System32\DriverStore\FileRepository\u0357176.inf_amd64_828ff99cacd4aa89\B356563\atiumd64.dll
0x0000000062390000 - 0x000000006320d000 	C:\WINDOWS\System32\DriverStore\FileRepository\u0357176.inf_amd64_828ff99cacd4aa89\B356563\atiumd6a.dll
0x00007ffabfcf0000 - 0x00007ffabfd1f000 	C:\WINDOWS\SYSTEM32\amdihk64.dll
0x00007ffac3510000 - 0x00007ffac355a000 	C:\WINDOWS\SYSTEM32\directxdatabasehelper.dll
0x00007ffa97d90000 - 0x00007ffa97dd2000 	C:\Users\Настя\.openjfx\cache\21-ea+null\amd64\glass.dll
0x00007ffacaa70000 - 0x00007ffacab69000 	C:\WINDOWS\System32\COMDLG32.dll
0x00007ffacc1d0000 - 0x00007ffacc31f000 	C:\WINDOWS\System32\MSCTF.dll
0x00007ffa9e550000 - 0x00007ffa9e564000 	C:\Users\Настя\.openjfx\cache\21-ea+null\amd64\javafx_font.dll
0x00007ffac5d70000 - 0x00007ffac5fe3000 	C:\WINDOWS\SYSTEM32\dwrite.dll
0x00007ffacc000000 - 0x00007ffacc0b0000 	C:\WINDOWS\System32\clbcatq.dll
0x00007ffac57d0000 - 0x00007ffac5980000 	C:\WINDOWS\SYSTEM32\WindowsCodecs.dll
0x00007ffa9b180000 - 0x00007ffa9b1de000 	C:\WINDOWS\system32\dataexchange.dll
0x00007ffac09e0000 - 0x00007ffac0c65000 	C:\WINDOWS\system32\twinapi.appcore.dll
0x00007ffa9f0c0000 - 0x00007ffa9f0f2000 	C:\Program Files\Common Files\Microsoft Shared\Ink\rtscom.dll
0x00007ffab9260000 - 0x00007ffab93aa000 	C:\WINDOWS\SYSTEM32\textinputframework.dll
0x00007ffac6eb0000 - 0x00007ffac6fe3000 	C:\WINDOWS\SYSTEM32\CoreMessaging.dll
0x00007ffac2860000 - 0x00007ffac2bcc000 	C:\WINDOWS\SYSTEM32\CoreUIComponents.dll
0x00007ffac96e0000 - 0x00007ffac96ec000 	C:\WINDOWS\SYSTEM32\CRYPTBASE.DLL

dbghelp: loaded successfully - version: 4.0.5 - missing functions: none
symbol engine: initialized successfully - sym options: 0x614 - pdb path: .;C:\Users\Настя\.jdks\openjdk-21.0.1\bin;C:\WINDOWS\SYSTEM32;C:\WINDOWS\WinSxS\amd64_microsoft.windows.common-controls_6595b64144ccf1df_6.0.22621.2506_none_270c5ae97388e100;C:\Users\Настя\.jdks\openjdk-21.0.1\bin\server;C:\Program Files\JetBrains\IntelliJ IDEA Community Edition 2023.2.5\bin;C:\Users\Настя\.openjfx\cache\21-ea+null\amd64;C:\WINDOWS\System32\DriverStore\FileRepository\u0357176.inf_amd64_828ff99cacd4aa89\B356563;C:\WINDOWS\System32\DriverStore\FileRepository\nvacegpu.inf_amd64_29c11dbe2f3cfa4e;C:\Program Files\Common Files\Microsoft Shared\Ink

VM Arguments:
jvm_args: -javaagent:C:\Program Files\JetBrains\IntelliJ IDEA Community Edition 2023.2.5\lib\idea_rt.jar=62324:C:\Program Files\JetBrains\IntelliJ IDEA Community Edition 2023.2.5\bin -Dfile.encoding=UTF-8 -Dsun.stdout.encoding=UTF-8 -Dsun.stderr.encoding=UTF-8 --module-path=C:\Users\Настя\.m2\repository\org\openjfx\javafx-fxml\21-ea+24\javafx-fxml-21-ea+24-win.jar;C:\Users\Настя\.m2\repository\org\openjfx\javafx-base\21-ea+24\javafx-base-21-ea+24-win.jar;C:\Users\Настя\.m2\repository\org\openjfx\javafx-graphics\21-ea+24\javafx-graphics-21-ea+24-win.jar;C:\Users\Настя\.m2\repository\org\openjfx\javafx-controls\21-ea+24\javafx-controls-21-ea+24-win.jar;C:\Users\Настя\IdeaProjects\Pizzza\target\classes -Djdk.module.main=com.example.pizzza 
java_command: com.example.pizzza/com.example.pizzza.HelloApplication
java_class_path (initial): C:\Users\Настя\.m2\repository\org\openjfx\javafx-controls\21-ea+24\javafx-controls-21-ea+24.jar;C:\Users\Настя\.m2\repository\org\openjfx\javafx-graphics\21-ea+24\javafx-graphics-21-ea+24.jar;C:\Users\Настя\.m2\repository\org\openjfx\javafx-base\21-ea+24\javafx-base-21-ea+24.jar;C:\Users\Настя\.m2\repository\org\openjfx\javafx-fxml\21-ea+24\javafx-fxml-21-ea+24.jar
Launcher Type: SUN_STANDARD

[Global flags]
     intx CICompilerCount                          = 4                                         {product} {ergonomic}
     uint ConcGCThreads                            = 3                                         {product} {ergonomic}
     uint G1ConcRefinementThreads                  = 10                                        {product} {ergonomic}
   size_t G1HeapRegionSize                         = 1048576                                   {product} {ergonomic}
    uintx GCDrainStackTargetSize                   = 64                                        {product} {ergonomic}
   size_t InitialHeapSize                          = 123731968                                 {product} {ergonomic}
   size_t MarkStackSize                            = 4194304                                   {product} {ergonomic}
   size_t MaxHeapSize                              = 1979711488                                {product} {ergonomic}
   size_t MaxNewSize                               = 1186988032                                {product} {ergonomic}
   size_t MinHeapDeltaBytes                        = 1048576                                   {product} {ergonomic}
   size_t MinHeapSize                              = 8388608                                   {product} {ergonomic}
    uintx NonNMethodCodeHeapSize                   = 5839372                                {pd product} {ergonomic}
    uintx NonProfiledCodeHeapSize                  = 122909434                              {pd product} {ergonomic}
    uintx ProfiledCodeHeapSize                     = 122909434                              {pd product} {ergonomic}
    uintx ReservedCodeCacheSize                    = 251658240                              {pd product} {ergonomic}
     bool SegmentedCodeCache                       = true                                      {product} {ergonomic}
   size_t SoftMaxHeapSize                          = 1979711488                             {manageable} {ergonomic}
     bool UseCompressedOops                        = true                           {product lp64_product} {ergonomic}
     bool UseG1GC                                  = true                                      {product} {ergonomic}
     bool UseLargePagesIndividualAllocation        = false                                  {pd product} {ergonomic}

Logging:
Log output configuration:
 #0: stdout all=off uptime,level,tags foldmultilines=false
 #1: stderr all=off uptime,level,tags foldmultilines=false

Environment Variables:
PATH=C:\Program Files\Common Files\Oracle\Java\javapath;C:\Program Files (x86)\Common Files\Oracle\Java\javapath;C:\ProgramData\Oracle\Java\javapath;C:\WINDOWS\system32;C:\WINDOWS;C:\WINDOWS\System32\Wbem;C:\WINDOWS\System32\WindowsPowerShell\v1.0\;C:\WINDOWS\System32\OpenSSH\;C:\Program Files\dotnet\;C:\Program Files\Common Files\Autodesk Shared\;C:\Program Files\Microsoft SQL Server\120\Tools\Binn\;C:\Program Files\Microsoft SQL Server\Client SDK\ODBC\170\Tools\Binn\;C:\Program Files (x86)\Microsoft SQL Server\150\Tools\Binn\;C:\Program Files\Microsoft SQL Server\150\Tools\Binn\;C:\Program Files\Microsoft SQL Server\150\DTS\Binn\;C:\Program Files (x86)\Microsoft SQL Server\160\DTS\Binn\;C:\Program Files\Azure Data Studio\bin;C:\Users\Настя\AppData\Local\Programs\Python\Python38\Scripts\;C:\Users\Настя\AppData\Local\Programs\Python\Python38\;C:\Users\Настя\AppData\Local\Programs\Python\Launcher\;C:\Users\Настя\AppData\Local\Microsoft\WindowsApps;;C:\Program Files\Azure Data Studio\bin
USERNAME=Настя
OS=Windows_NT
PROCESSOR_IDENTIFIER=AMD64 Family 23 Model 96 Stepping 1, AuthenticAMD
TMP=C:\Users\5B3B~1\AppData\Local\Temp
TEMP=C:\Users\5B3B~1\AppData\Local\Temp




Periodic native trim disabled

---------------  S Y S T E M  ---------------

OS:
 Windows 11 , 64 bit Build 22621 (10.0.22621.2506)
OS uptime: 3 days 0:41 hours
Hyper-V role detected

CPU: total 12 (initial active 12) (12 cores per cpu, 2 threads per core) family 23 model 96 stepping 1 microcode 0x0, cx8, cmov, fxsr, ht, mmx, 3dnowpref, sse, sse2, sse3, ssse3, sse4a, sse4.1, sse4.2, popcnt, lzcnt, tsc, tscinvbit, avx, avx2, aes, clmul, bmi1, bmi2, adx, sha, fma, vzeroupper, clflush, clflushopt, hv, rdtscp, rdpid, f16c
Processor Information for all 12 processors :
  Max Mhz: 3000, Current Mhz: 3000, Mhz Limit: 3000

Memory: 4k page, system-wide physical 7549M (242M free)
TotalPageFile size 21885M (AvailPageFile size 8550M)
current process WorkingSet (physical memory assigned to process): 142M, peak: 154M
current process commit charge ("private bytes"): 274M, peak: 286M

vm_info: OpenJDK 64-Bit Server VM (21.0.1+12-29) for windows-amd64 JRE (21.0.1+12-29), built on 2023-10-05T13:27:09Z by "mach5one" with MS VC++ 17.1 (VS2022)

END.
