#
# A fatal error has been detected by the Java Runtime Environment:
#
#  EXCEPTION_ACCESS_VIOLATION (0xc0000005) at pc=0x00007ffe0dc56587, pid=14280, tid=14652
#
# JRE version: OpenJDK Runtime Environment (21.0.1+12) (build 21.0.1+12-29)
# Java VM: OpenJDK 64-Bit Server VM (21.0.1+12-29, mixed mode, sharing, tiered, compressed oops, compressed class ptrs, g1 gc, windows-amd64)
# Problematic frame:
# C  [glass.dll+0x26587]
#
# No core dump will be written. Minidumps are not enabled by default on client versions of Windows
#
# If you would like to submit a bug report, please visit:
#   https://bugreport.java.com/bugreport/crash.jsp
#

---------------  S U M M A R Y ------------

Command Line: -javaagent:C:\Program Files\JetBrains\IntelliJ IDEA Community Edition 2023.2.5\lib\idea_rt.jar=58944:C:\Program Files\JetBrains\IntelliJ IDEA Community Edition 2023.2.5\bin -Dfile.encoding=UTF-8 -Dsun.stdout.encoding=UTF-8 -Dsun.stderr.encoding=UTF-8 --module-path=C:\Users\Настя\IdeaProjects\Pizzza\target\classes;C:\Users\Настя\.m2\repository\org\openjfx\javafx-base\21-ea+24\javafx-base-21-ea+24-win.jar;C:\Users\Настя\.m2\repository\org\openjfx\javafx-controls\21-ea+24\javafx-controls-21-ea+24-win.jar;C:\Users\Настя\.m2\repository\org\openjfx\javafx-graphics\21-ea+24\javafx-graphics-21-ea+24-win.jar;C:\Users\Настя\.m2\repository\org\openjfx\javafx-fxml\21-ea+24\javafx-fxml-21-ea+24-win.jar -Djdk.module.main=com.example.pizzza com.example.pizzza/com.example.pizzza.HelloApplication

Host: AMD Ryzen 5 4600H with Radeon Graphics         , 12 cores, 7G,  Windows 11 , 64 bit Build 22621 (10.0.22621.2506)
Time: Fri Nov 24 14:41:11 2023 RTZ 2 (s 11 , 64 bit Build 22621 (10.0.22621.2506) elapsed time: 124.918625 seconds (0d 0h 2m 4s)

---------------  T H R E A D  ---------------

Current thread (0x000001dbbbe9bec0):  VMThread "VM Thread"          [id=14652, stack(0x0000002162b00000,0x0000002162c00000) (1024K)]

Stack: [0x0000002162b00000,0x0000002162c00000],  sp=0x0000002162bfefe0,  free space=1019k
Native frames: (J=compiled Java code, j=interpreted, Vv=VM code, C=native code)
C  [glass.dll+0x26587]


siginfo: EXCEPTION_ACCESS_VIOLATION (0xc0000005), reading address 0x0000000000000000


Registers:
RAX=0x0000000000000000, RBX=0x000001dbbbea613a, RCX=0x000001dbbbe9bec0, RDX=0x0000002162bfefe0
RSP=0x0000002162bfefe0, RBP=0x000001dbfd8b5038, RSI=0x0000002162bff0e8, RDI=0x000001dbfd8b5010
R8 =0x0000000000010002, R9 =0x000001dbfd8b5010, R10=0x85f13e9656da4870, R11=0x0000002162bfef70
R12=0x00007ffe0dc53ed0, R13=0x00007ffdb27e1fa0, R14=0x000050685e5c1c51, R15=0x000001dbfd8b5010
RIP=0x00007ffe0dc56587, EFLAGS=0x0000000000010206


Register to memory mapping:

RAX=0x0 is null
RBX=0x000001dbbbea613a is a global jni handle
RCX=0x000001dbbbe9bec0 points into unknown readable memory: 0x00007ffdb25f3f88 | 88 3f 5f b2 fd 7f 00 00
RDX=0x0000002162bfefe0 points into unknown readable memory: 0x0000000000000000 | 00 00 00 00 00 00 00 00
RSP=0x0000002162bfefe0 points into unknown readable memory: 0x0000000000000000 | 00 00 00 00 00 00 00 00
RBP=0x000001dbfd8b5038 points into unknown readable memory: 0x000050685e5c1c51 | 51 1c 5c 5e 68 50 00 00
RSI=0x0000002162bff0e8 points into unknown readable memory: 0x0000002162bff0d0 | d0 f0 bf 62 21 00 00 00
RDI=0x000001dbfd8b5010 points into unknown readable memory: 0xfffc4be22d8c1c51 | 51 1c 8c 2d e2 4b fc ff
R8 =0x0000000000010002 is an unknown value
R9 =0x000001dbfd8b5010 points into unknown readable memory: 0xfffc4be22d8c1c51 | 51 1c 8c 2d e2 4b fc ff
R10=0x85f13e9656da4870 is an unknown value
R11=0x0000002162bfef70 points into unknown readable memory: 0x000001dbfd8b5010 | 10 50 8b fd db 01 00 00
R12=0x00007ffe0dc53ed0 glass.dll
R13=0x00007ffdb27e1fa0 jvm.dll
R14=0x000050685e5c1c51 is an unknown value
R15=0x000001dbfd8b5010 points into unknown readable memory: 0xfffc4be22d8c1c51 | 51 1c 8c 2d e2 4b fc ff

Top of Stack: (sp=0x0000002162bfefe0)
0x0000002162bfefe0:   0000000000000000 0000002162bff0e8
0x0000002162bfeff0:   00007ffdb27e1fa0 00007ffe0dc53ed0
0x0000002162bff000:   000001dbfd8b5018 00007ffe37213a83
0x0000002162bff010:   000001dbfd8b5010 000001db00000000
0x0000002162bff020:   000001dbfd8b5038 0000002162bff0e8
0x0000002162bff030:   fffffffffffffffe 0000000000000000
0x0000002162bff040:   0000000000000001 00007ffe0dc30000
0x0000002162bff050:   0000002162bff0d8 00007ffe371e006e
0x0000002162bff060:   0000000000000000 0000002162bff0e8
0x0000002162bff070:   0000002162bff3d0 0000000000000001
0x0000002162bff080:   0000000000000001 00007ffe371dda1d
0x0000002162bff090:   0000000000000000 00007ffe0dc536c9
0x0000002162bff0a0:   00007ffe32995ed0 0000002162bff0d8
0x0000002162bff0b0:   fffffffffffffffe 0000002162bff0a0
0x0000002162bff0c0:   0000000000000000 00007ffe0dc53d5d
0x0000002162bff0d0:   00007ffe0dc6a008 00007ffe00000002
0x0000002162bff0e0:   0000000000000002 0000002162bff0d0
0x0000002162bff0f0:   0000000000000000 00007ffe39878603
0x0000002162bff100:   0000000000000000 00007ffe0dc53e82
0x0000002162bff110:   0000000000000001 0000000000000001
0x0000002162bff120:   0000002162bff3d0 0000000000000001
0x0000002162bff130:   000001db9d21f8e8 00007ffe36322223
0x0000002162bff140:   000001db00000001 0000000000000016
0x0000002162bff150:   00007ffe0dc30000 000000007ffe0384
0x0000002162bff160:   0000000000000000 00007ffe3987869f
0x0000002162bff170:   00007ffe0dc30000 0000000000000000
0x0000002162bff180:   0000000000000001 000000007ffe0385
0x0000002162bff190:   0000000000000000 00007ffe398a12e9
0x0000002162bff1a0:   00005c144f5cff00 0000000000000014
0x0000002162bff1b0:   00007ffe0dc53ed0 0000000000000000
0x0000002162bff1c0:   0000000000000000 0000002161f1d000
0x0000002162bff1d0:   000001dbfd9d7230 00007ffe398a10a6 

Instructions: (pc=0x00007ffe0dc56587)
0x00007ffe0dc56487:   8b 4d 58 e8 8d cf ff ff 48 8b 4d 60 e8 84 cf ff
0x00007ffe0dc56497:   ff 48 8b 95 80 00 00 00 48 8b 8d 18 01 00 00 e8
0x00007ffe0dc564a7:   76 c4 ff ff 33 d2 33 c9 e8 cc e1 ff ff 90 48 89
0x00007ffe0dc564b7:   54 24 10 55 48 83 ec 20 48 8b ea 48 b8 00 00 00
0x00007ffe0dc564c7:   00 00 00 00 00 48 83 c4 20 5d c3 cc 40 55 48 8b
0x00007ffe0dc564d7:   ea 48 8b 01 33 c9 81 38 05 00 00 c0 0f 94 c1 8b
0x00007ffe0dc564e7:   c1 5d c3 cc 40 55 48 83 ec 20 48 8b ea 8a 4d 40
0x00007ffe0dc564f7:   48 83 c4 20 5d e9 73 d3 ff ff cc 40 55 48 83 ec
0x00007ffe0dc56507:   20 48 8b ea 8a 4d 20 e8 61 d3 ff ff 90 48 83 c4
0x00007ffe0dc56517:   20 5d c3 cc 40 55 48 83 ec 20 48 8b ea 48 83 c4
0x00007ffe0dc56527:   20 5d e9 c2 d1 ff ff cc 40 55 48 83 ec 30 48 8b
0x00007ffe0dc56537:   ea 48 8b 01 8b 10 48 89 4c 24 28 89 54 24 20 4c
0x00007ffe0dc56547:   8d 0d 63 d6 ff ff 4c 8b 45 70 8b 55 68 48 8b 4d
0x00007ffe0dc56557:   60 e8 03 d1 ff ff 90 48 83 c4 30 5d c3 cc cc cc
0x00007ffe0dc56567:   cc cc cc cc cc cc cc cc cc 40 53 48 83 ec 20 48
0x00007ffe0dc56577:   8b 1d 8b 34 01 00 48 85 db 74 16 e8 89 8f ff ff
0x00007ffe0dc56587:   4c 8b 00 48 8b d3 48 8b c8 41 ff 90 b0 00 00 00
0x00007ffe0dc56597:   90 48 83 c4 20 5b c3 cc cc 40 53 48 83 ec 20 48
0x00007ffe0dc565a7:   8b 1d fb 35 01 00 48 85 db 74 57 b8 ff ff ff ff
0x00007ffe0dc565b7:   f0 0f c1 43 10 83 f8 01 75 3d 48 85 db 74 38 48
0x00007ffe0dc565c7:   8b 0b 48 85 c9 74 0d ff 15 d4 0c 00 00 48 c7 03
0x00007ffe0dc565d7:   00 00 00 00 48 8b 4b 08 48 85 c9 74 0d e8 33 ce
0x00007ffe0dc565e7:   ff ff 48 c7 43 08 00 00 00 00 ba 18 00 00 00 48
0x00007ffe0dc565f7:   8b cb e8 1e ce ff ff 48 c7 05 9f 35 01 00 00 00
0x00007ffe0dc56607:   00 00 48 83 c4 20 5b c3 cc 40 53 48 83 ec 20 48
0x00007ffe0dc56617:   8b 1d 6b 35 01 00 48 85 db 74 57 b8 ff ff ff ff
0x00007ffe0dc56627:   f0 0f c1 43 10 83 f8 01 75 3d 48 85 db 74 38 48
0x00007ffe0dc56637:   8b 0b 48 85 c9 74 0d ff 15 64 0c 00 00 48 c7 03
0x00007ffe0dc56647:   00 00 00 00 48 8b 4b 08 48 85 c9 74 0d e8 c3 cd
0x00007ffe0dc56657:   ff ff 48 c7 43 08 00 00 00 00 ba 18 00 00 00 48
0x00007ffe0dc56667:   8b cb e8 ae cd ff ff 48 c7 05 0f 35 01 00 00 00
0x00007ffe0dc56677:   00 00 48 83 c4 20 5b c3 cc 40 53 48 83 ec 20 48 


Stack slot to memory mapping:

stack at sp + 0 slots: 0x0 is null
stack at sp + 1 slots: 0x0000002162bff0e8 points into unknown readable memory: 0x0000002162bff0d0 | d0 f0 bf 62 21 00 00 00
stack at sp + 2 slots: 0x00007ffdb27e1fa0 jvm.dll
stack at sp + 3 slots: 0x00007ffe0dc53ed0 glass.dll
stack at sp + 4 slots: 0x000001dbfd8b5018 points into unknown readable memory: 0x000050685e5c1c51 | 51 1c 5c 5e 68 50 00 00
stack at sp + 5 slots: 0x00007ffe37213a83 ucrtbase.dll
stack at sp + 6 slots: 0x000001dbfd8b5010 points into unknown readable memory: 0xfffc4be22d8c1c51 | 51 1c 8c 2d e2 4b fc ff
stack at sp + 7 slots: 0x000001db00000000 is an unknown value

VM_Operation (0x00000021621fed80): Exit, mode: safepoint, requested by thread 0x000001dbff003640


---------------  P R O C E S S  ---------------

Threads class SMR info:
_java_thread_list=0x000001dbfd376e00, length=19, elements={
0x000001db9d241840, 0x000001dbbbeb9840, 0x000001dbbbeba560, 0x000001dbbbebcf20,
0x000001dbbbebdab0, 0x000001dbbbec6650, 0x000001dbbbecdc60, 0x000001dbbbecf710,
0x000001dbfd1cd4b0, 0x000001dbfd352a70, 0x000001dbfd3aa860, 0x000001dbfd4fd820,
0x000001dbfd8afa60, 0x000001dbfd885370, 0x000001dbfdbc9780, 0x000001dbfdbd59d0,
0x000001dbfee8ff30, 0x000001dbff003cd0, 0x000001dbff003640
}

Java Threads: ( => current thread )
  0x000001db9d241840 JavaThread "main"                              [_thread_blocked, id=7556, stack(0x0000002162400000,0x0000002162500000) (1024K)]
  0x000001dbbbeb9840 JavaThread "Reference Handler"          daemon [_thread_blocked, id=7140, stack(0x0000002162c00000,0x0000002162d00000) (1024K)]
  0x000001dbbbeba560 JavaThread "Finalizer"                  daemon [_thread_blocked, id=16796, stack(0x0000002162d00000,0x0000002162e00000) (1024K)]
  0x000001dbbbebcf20 JavaThread "Attach Listener"            daemon [_thread_blocked, id=10308, stack(0x0000002162f00000,0x0000002163000000) (1024K)]
  0x000001dbbbebdab0 JavaThread "Service Thread"             daemon [_thread_blocked, id=15632, stack(0x0000002163000000,0x0000002163100000) (1024K)]
  0x000001dbbbec6650 JavaThread "Monitor Deflation Thread"   daemon [_thread_blocked, id=17772, stack(0x0000002163100000,0x0000002163200000) (1024K)]
  0x000001dbbbecdc60 JavaThread "C2 CompilerThread0"         daemon [_thread_blocked, id=14892, stack(0x0000002163200000,0x0000002163300000) (1024K)]
  0x000001dbbbecf710 JavaThread "C1 CompilerThread0"         daemon [_thread_blocked, id=17216, stack(0x0000002163300000,0x0000002163400000) (1024K)]
  0x000001dbfd1cd4b0 JavaThread "Common-Cleaner"             daemon [_thread_blocked, id=13836, stack(0x0000002163400000,0x0000002163500000) (1024K)]
  0x000001dbfd352a70 JavaThread "Monitor Ctrl-Break"         daemon [_thread_in_native, id=14372, stack(0x0000002163500000,0x0000002163600000) (1024K)]
  0x000001dbfd3aa860 JavaThread "Notification Thread"        daemon [_thread_blocked, id=1992, stack(0x0000002163600000,0x0000002163700000) (1024K)]
  0x000001dbfd4fd820 JavaThread "QuantumRenderer-0"          daemon [_thread_blocked, id=9328, stack(0x0000002163700000,0x0000002163800000) (1024K)]
  0x000001dbfd8afa60 JavaThread "InvokeLaterDispatcher"      daemon [_thread_blocked, id=15148, stack(0x0000002163a00000,0x0000002163b00000) (1024K)]
  0x000001dbfd885370 JavaThread "JavaFX Application Thread"         [_thread_in_native, id=16908, stack(0x0000002163b00000,0x0000002163c00000) (1024K)]
  0x000001dbfdbc9780 JavaThread "Thread-1"                   daemon [_thread_in_native, id=14048, stack(0x0000002164400000,0x0000002164500000) (1024K)]
  0x000001dbfdbd59d0 JavaThread "JavaFX-Launcher"                   [_thread_blocked, id=16632, stack(0x0000002164500000,0x0000002164600000) (1024K)]
  0x000001dbfee8ff30 JavaThread "Prism Font Disposer"        daemon [_thread_blocked, id=14248, stack(0x0000002164c00000,0x0000002164d00000) (1024K)]
  0x000001dbff003cd0 JavaThread "Cleaner-0"                  daemon [_thread_blocked, id=16780, stack(0x0000002165100000,0x0000002165200000) (1024K)]
  0x000001dbff003640 JavaThread "SIGINT handler"             daemon [_thread_blocked, id=15020, stack(0x0000002162100000,0x0000002162200000) (1024K)]
Total: 19

Other Threads:
=>0x000001dbbbe9bec0 VMThread "VM Thread"                           [id=14652, stack(0x0000002162b00000,0x0000002162c00000) (1024K)]
  0x000001db9d4b3d30 WorkerThread "GC Thread#0"                     [id=1540, stack(0x0000002162500000,0x0000002162600000) (1024K)]
  0x000001dbfdc587e0 WorkerThread "GC Thread#1"                     [id=4900, stack(0x0000002164600000,0x0000002164700000) (1024K)]
  0x000001dbfdc58b80 WorkerThread "GC Thread#2"                     [id=14924, stack(0x0000002164700000,0x0000002164800000) (1024K)]
  0x000001dbfdc59330 WorkerThread "GC Thread#3"                     [id=16380, stack(0x0000002164800000,0x0000002164900000) (1024K)]
  0x000001dbfdc596d0 WorkerThread "GC Thread#4"                     [id=13324, stack(0x0000002164900000,0x0000002164a00000) (1024K)]
  0x000001dbfdc30310 WorkerThread "GC Thread#5"                     [id=18988, stack(0x0000002164a00000,0x0000002164b00000) (1024K)]
  0x000001dbfee25c50 WorkerThread "GC Thread#6"                     [id=11508, stack(0x0000002164d00000,0x0000002164e00000) (1024K)]
  0x000001dbfee25170 WorkerThread "GC Thread#7"                     [id=17276, stack(0x0000002164e00000,0x0000002164f00000) (1024K)]
  0x000001dbfee242f0 WorkerThread "GC Thread#8"                     [id=17800, stack(0x0000002164f00000,0x0000002165000000) (1024K)]
  0x000001dbfee24dd0 WorkerThread "GC Thread#9"                     [id=3708, stack(0x0000002165000000,0x0000002165100000) (1024K)]
  0x000001db9d4c3ac0 ConcurrentGCThread "G1 Main Marker"            terminated
  0x000001db9d4c45c0 WorkerThread "G1 Conc#0"                       [id=17920, stack(0x0000002162700000,0x0000002162800000) (1024K)]
  0x000001dbbbd520d0 ConcurrentGCThread "G1 Refine#0"               terminated
  0x000001dbbbd528f0 ConcurrentGCThread "G1 Service"                terminated
Total: 15

Threads with active compile tasks:
Total: 0

VM state: at safepoint (shutting down)

VM Mutex/Monitor currently owned by a thread:  ([mutex/lock_event])
[0x00007ffdb27ba5f8] Threads_lock - owner thread: 0x000001dbbbe9bec0
[0x00007ffdb27ba6f8] Heap_lock - owner thread: 0x000001dbff003640

Heap address: 0x000000008a000000, size: 1888 MB, Compressed Oops mode: 32-bit

CDS archive(s) mapped at: [0x000001dbbc000000-0x000001dbbcc90000-0x000001dbbcc90000), size 13172736, SharedBaseAddress: 0x000001dbbc000000, ArchiveRelocationMode: 1.
Compressed class space mapped at: 0x000001dbbd000000-0x000001dbfd000000, reserved size: 1073741824
Narrow klass base: 0x000001dbbc000000, Narrow klass shift: 0, Narrow klass range: 0x100000000

GC Precious Log:
 CardTable entry size: 512
 Card Set container configuration: InlinePtr #cards 5 size 8 Array Of Cards #cards 12 size 40 Howl #buckets 4 coarsen threshold 1843 Howl Bitmap #cards 512 size 80 coarsen threshold 460 Card regions per heap region 1 cards per card region 2048
 CPUs: 12 total, 12 available
 Memory: 7549M
 Large Page Support: Disabled
 NUMA Support: Disabled
 Compressed Oops: Enabled (32-bit)
 Heap Region Size: 1M
 Heap Min Capacity: 8M
 Heap Initial Capacity: 118M
 Heap Max Capacity: 1888M
 Pre-touch: Disabled
 Parallel Workers: 10
 Concurrent Workers: 3
 Concurrent Refinement Workers: 10
 Periodic GC: Disabled

Heap:
 garbage-first heap   total 120832K, used 74848K [0x000000008a000000, 0x0000000100000000)
  region size 1024K, 36 young (36864K), 5 survivors (5120K)
 Metaspace       used 16385K, committed 16768K, reserved 1114112K
  class space    used 2369K, committed 2560K, reserved 1048576K

Heap Regions: E=young(eden), S=young(survivor), O=old, HS=humongous(starts), HC=humongous(continues), CS=collection set, F=free, TAMS=top-at-mark-start, PB=parsable bottom
|   0|0x000000008a000000, 0x000000008a100000, 0x000000008a100000|100%| O|  |TAMS 0x000000008a000000| PB 0x000000008a000000| Untracked 
|   1|0x000000008a100000, 0x000000008a1182f0, 0x000000008a200000|  9%| O|  |TAMS 0x000000008a100000| PB 0x000000008a100000| Untracked 
|   2|0x000000008a200000, 0x000000008a300000, 0x000000008a300000|100%|HS|  |TAMS 0x000000008a200000| PB 0x000000008a200000| Complete 
|   3|0x000000008a300000, 0x000000008a400000, 0x000000008a400000|100%|HC|  |TAMS 0x000000008a300000| PB 0x000000008a300000| Complete 
|   4|0x000000008a400000, 0x000000008a500000, 0x000000008a500000|100%|HS|  |TAMS 0x000000008a400000| PB 0x000000008a400000| Complete 
|   5|0x000000008a500000, 0x000000008a600000, 0x000000008a600000|100%|HC|  |TAMS 0x000000008a500000| PB 0x000000008a500000| Complete 
|   6|0x000000008a600000, 0x000000008a700000, 0x000000008a700000|100%|HS|  |TAMS 0x000000008a600000| PB 0x000000008a600000| Complete 
|   7|0x000000008a700000, 0x000000008a800000, 0x000000008a800000|100%|HC|  |TAMS 0x000000008a700000| PB 0x000000008a700000| Complete 
|   8|0x000000008a800000, 0x000000008a900000, 0x000000008a900000|100%|HS|  |TAMS 0x000000008a800000| PB 0x000000008a800000| Complete 
|   9|0x000000008a900000, 0x000000008aa00000, 0x000000008aa00000|100%|HC|  |TAMS 0x000000008a900000| PB 0x000000008a900000| Complete 
|  10|0x000000008aa00000, 0x000000008ab00000, 0x000000008ab00000|100%|HS|  |TAMS 0x000000008aa00000| PB 0x000000008aa00000| Complete 
|  11|0x000000008ab00000, 0x000000008ac00000, 0x000000008ac00000|100%|HC|  |TAMS 0x000000008ab00000| PB 0x000000008ab00000| Complete 
|  12|0x000000008ac00000, 0x000000008ad00000, 0x000000008ad00000|100%|HS|  |TAMS 0x000000008ac00000| PB 0x000000008ac00000| Complete 
|  13|0x000000008ad00000, 0x000000008ae00000, 0x000000008ae00000|100%|HC|  |TAMS 0x000000008ad00000| PB 0x000000008ad00000| Complete 
|  14|0x000000008ae00000, 0x000000008af00000, 0x000000008af00000|100%|HS|  |TAMS 0x000000008ae00000| PB 0x000000008ae00000| Complete 
|  15|0x000000008af00000, 0x000000008b000000, 0x000000008b000000|100%|HC|  |TAMS 0x000000008af00000| PB 0x000000008af00000| Complete 
|  16|0x000000008b000000, 0x000000008b100000, 0x000000008b100000|100%|HS|  |TAMS 0x000000008b000000| PB 0x000000008b000000| Complete 
|  17|0x000000008b100000, 0x000000008b200000, 0x000000008b200000|100%|HC|  |TAMS 0x000000008b100000| PB 0x000000008b100000| Complete 
|  18|0x000000008b200000, 0x000000008b300000, 0x000000008b300000|100%|HS|  |TAMS 0x000000008b200000| PB 0x000000008b200000| Complete 
|  19|0x000000008b300000, 0x000000008b400000, 0x000000008b400000|100%|HC|  |TAMS 0x000000008b300000| PB 0x000000008b300000| Complete 
|  20|0x000000008b400000, 0x000000008b500000, 0x000000008b500000|100%|HS|  |TAMS 0x000000008b400000| PB 0x000000008b400000| Complete 
|  21|0x000000008b500000, 0x000000008b600000, 0x000000008b600000|100%|HC|  |TAMS 0x000000008b500000| PB 0x000000008b500000| Complete 
|  22|0x000000008b600000, 0x000000008b700000, 0x000000008b700000|100%|HS|  |TAMS 0x000000008b600000| PB 0x000000008b600000| Complete 
|  23|0x000000008b700000, 0x000000008b800000, 0x000000008b800000|100%|HC|  |TAMS 0x000000008b700000| PB 0x000000008b700000| Complete 
|  24|0x000000008b800000, 0x000000008b900000, 0x000000008b900000|100%|HS|  |TAMS 0x000000008b800000| PB 0x000000008b800000| Complete 
|  25|0x000000008b900000, 0x000000008ba00000, 0x000000008ba00000|100%|HC|  |TAMS 0x000000008b900000| PB 0x000000008b900000| Complete 
|  26|0x000000008ba00000, 0x000000008bb00000, 0x000000008bb00000|100%|HS|  |TAMS 0x000000008ba00000| PB 0x000000008ba00000| Complete 
|  27|0x000000008bb00000, 0x000000008bc00000, 0x000000008bc00000|100%|HC|  |TAMS 0x000000008bb00000| PB 0x000000008bb00000| Complete 
|  28|0x000000008bc00000, 0x000000008bd00000, 0x000000008bd00000|100%|HS|  |TAMS 0x000000008bc00000| PB 0x000000008bc00000| Complete 
|  29|0x000000008bd00000, 0x000000008be00000, 0x000000008be00000|100%|HC|  |TAMS 0x000000008bd00000| PB 0x000000008bd00000| Complete 
|  30|0x000000008be00000, 0x000000008bf00000, 0x000000008bf00000|100%|HS|  |TAMS 0x000000008be00000| PB 0x000000008be00000| Complete 
|  31|0x000000008bf00000, 0x000000008c000000, 0x000000008c000000|100%|HC|  |TAMS 0x000000008bf00000| PB 0x000000008bf00000| Complete 
|  32|0x000000008c000000, 0x000000008c100000, 0x000000008c100000|100%|HS|  |TAMS 0x000000008c000000| PB 0x000000008c000000| Complete 
|  33|0x000000008c100000, 0x000000008c200000, 0x000000008c200000|100%|HC|  |TAMS 0x000000008c100000| PB 0x000000008c100000| Complete 
|  34|0x000000008c200000, 0x000000008c300000, 0x000000008c300000|100%|HS|  |TAMS 0x000000008c200000| PB 0x000000008c200000| Complete 
|  35|0x000000008c300000, 0x000000008c400000, 0x000000008c400000|100%|HC|  |TAMS 0x000000008c300000| PB 0x000000008c300000| Complete 
|  36|0x000000008c400000, 0x000000008c500000, 0x000000008c500000|100%|HS|  |TAMS 0x000000008c400000| PB 0x000000008c400000| Complete 
|  37|0x000000008c500000, 0x000000008c600000, 0x000000008c600000|100%|HC|  |TAMS 0x000000008c500000| PB 0x000000008c500000| Complete 
|  38|0x000000008c600000, 0x000000008c700000, 0x000000008c700000|100%|HS|  |TAMS 0x000000008c600000| PB 0x000000008c600000| Complete 
|  39|0x000000008c700000, 0x000000008c800000, 0x000000008c800000|100%|HC|  |TAMS 0x000000008c700000| PB 0x000000008c700000| Complete 
|  40|0x000000008c800000, 0x000000008c800000, 0x000000008c900000|  0%| F|  |TAMS 0x000000008c800000| PB 0x000000008c800000| Untracked 
|  41|0x000000008c900000, 0x000000008c900000, 0x000000008ca00000|  0%| F|  |TAMS 0x000000008c900000| PB 0x000000008c900000| Untracked 
|  42|0x000000008ca00000, 0x000000008ca00000, 0x000000008cb00000|  0%| F|  |TAMS 0x000000008ca00000| PB 0x000000008ca00000| Untracked 
|  43|0x000000008cb00000, 0x000000008cb00000, 0x000000008cc00000|  0%| F|  |TAMS 0x000000008cb00000| PB 0x000000008cb00000| Untracked 
|  44|0x000000008cc00000, 0x000000008cc00000, 0x000000008cd00000|  0%| F|  |TAMS 0x000000008cc00000| PB 0x000000008cc00000| Untracked 
|  45|0x000000008cd00000, 0x000000008cd00000, 0x000000008ce00000|  0%| F|  |TAMS 0x000000008cd00000| PB 0x000000008cd00000| Untracked 
|  46|0x000000008ce00000, 0x000000008ce00000, 0x000000008cf00000|  0%| F|  |TAMS 0x000000008ce00000| PB 0x000000008ce00000| Untracked 
|  47|0x000000008cf00000, 0x000000008cf00000, 0x000000008d000000|  0%| F|  |TAMS 0x000000008cf00000| PB 0x000000008cf00000| Untracked 
|  48|0x000000008d000000, 0x000000008d000000, 0x000000008d100000|  0%| F|  |TAMS 0x000000008d000000| PB 0x000000008d000000| Untracked 
|  49|0x000000008d100000, 0x000000008d100000, 0x000000008d200000|  0%| F|  |TAMS 0x000000008d100000| PB 0x000000008d100000| Untracked 
|  50|0x000000008d200000, 0x000000008d200000, 0x000000008d300000|  0%| F|  |TAMS 0x000000008d200000| PB 0x000000008d200000| Untracked 
|  51|0x000000008d300000, 0x000000008d300000, 0x000000008d400000|  0%| F|  |TAMS 0x000000008d300000| PB 0x000000008d300000| Untracked 
|  52|0x000000008d400000, 0x000000008d400000, 0x000000008d500000|  0%| F|  |TAMS 0x000000008d400000| PB 0x000000008d400000| Untracked 
|  53|0x000000008d500000, 0x000000008d500000, 0x000000008d600000|  0%| F|  |TAMS 0x000000008d500000| PB 0x000000008d500000| Untracked 
|  54|0x000000008d600000, 0x000000008d600000, 0x000000008d700000|  0%| F|  |TAMS 0x000000008d600000| PB 0x000000008d600000| Untracked 
|  55|0x000000008d700000, 0x000000008d700000, 0x000000008d800000|  0%| F|  |TAMS 0x000000008d700000| PB 0x000000008d700000| Untracked 
|  56|0x000000008d800000, 0x000000008d800000, 0x000000008d900000|  0%| F|  |TAMS 0x000000008d800000| PB 0x000000008d800000| Untracked 
|  57|0x000000008d900000, 0x000000008d900000, 0x000000008da00000|  0%| F|  |TAMS 0x000000008d900000| PB 0x000000008d900000| Untracked 
|  58|0x000000008da00000, 0x000000008da00000, 0x000000008db00000|  0%| F|  |TAMS 0x000000008da00000| PB 0x000000008da00000| Untracked 
|  59|0x000000008db00000, 0x000000008db00000, 0x000000008dc00000|  0%| F|  |TAMS 0x000000008db00000| PB 0x000000008db00000| Untracked 
|  60|0x000000008dc00000, 0x000000008dc00000, 0x000000008dd00000|  0%| F|  |TAMS 0x000000008dc00000| PB 0x000000008dc00000| Untracked 
|  61|0x000000008dd00000, 0x000000008dd00000, 0x000000008de00000|  0%| F|  |TAMS 0x000000008dd00000| PB 0x000000008dd00000| Untracked 
|  62|0x000000008de00000, 0x000000008de00000, 0x000000008df00000|  0%| F|  |TAMS 0x000000008de00000| PB 0x000000008de00000| Untracked 
|  63|0x000000008df00000, 0x000000008df00000, 0x000000008e000000|  0%| F|  |TAMS 0x000000008df00000| PB 0x000000008df00000| Untracked 
|  64|0x000000008e000000, 0x000000008e000000, 0x000000008e100000|  0%| F|  |TAMS 0x000000008e000000| PB 0x000000008e000000| Untracked 
|  65|0x000000008e100000, 0x000000008e100000, 0x000000008e200000|  0%| F|  |TAMS 0x000000008e100000| PB 0x000000008e100000| Untracked 
|  66|0x000000008e200000, 0x000000008e200000, 0x000000008e300000|  0%| F|  |TAMS 0x000000008e200000| PB 0x000000008e200000| Untracked 
|  67|0x000000008e300000, 0x000000008e300000, 0x000000008e400000|  0%| F|  |TAMS 0x000000008e300000| PB 0x000000008e300000| Untracked 
|  68|0x000000008e400000, 0x000000008e400000, 0x000000008e500000|  0%| F|  |TAMS 0x000000008e400000| PB 0x000000008e400000| Untracked 
|  69|0x000000008e500000, 0x000000008e500000, 0x000000008e600000|  0%| F|  |TAMS 0x000000008e500000| PB 0x000000008e500000| Untracked 
|  70|0x000000008e600000, 0x000000008e600000, 0x000000008e700000|  0%| F|  |TAMS 0x000000008e600000| PB 0x000000008e600000| Untracked 
|  71|0x000000008e700000, 0x000000008e700000, 0x000000008e800000|  0%| F|  |TAMS 0x000000008e700000| PB 0x000000008e700000| Untracked 
|  72|0x000000008e800000, 0x000000008e800000, 0x000000008e900000|  0%| F|  |TAMS 0x000000008e800000| PB 0x000000008e800000| Untracked 
|  73|0x000000008e900000, 0x000000008e900000, 0x000000008ea00000|  0%| F|  |TAMS 0x000000008e900000| PB 0x000000008e900000| Untracked 
|  74|0x000000008ea00000, 0x000000008ea00000, 0x000000008eb00000|  0%| F|  |TAMS 0x000000008ea00000| PB 0x000000008ea00000| Untracked 
|  75|0x000000008eb00000, 0x000000008eb00000, 0x000000008ec00000|  0%| F|  |TAMS 0x000000008eb00000| PB 0x000000008eb00000| Untracked 
|  76|0x000000008ec00000, 0x000000008ed00000, 0x000000008ed00000|100%| S|CS|TAMS 0x000000008ec00000| PB 0x000000008ec00000| Complete 
|  77|0x000000008ed00000, 0x000000008ee00000, 0x000000008ee00000|100%| S|CS|TAMS 0x000000008ed00000| PB 0x000000008ed00000| Complete 
|  78|0x000000008ee00000, 0x000000008ef00000, 0x000000008ef00000|100%| S|CS|TAMS 0x000000008ee00000| PB 0x000000008ee00000| Complete 
|  79|0x000000008ef00000, 0x000000008f000000, 0x000000008f000000|100%| S|CS|TAMS 0x000000008ef00000| PB 0x000000008ef00000| Complete 
|  80|0x000000008f000000, 0x000000008f100000, 0x000000008f100000|100%| S|CS|TAMS 0x000000008f000000| PB 0x000000008f000000| Complete 
|  81|0x000000008f100000, 0x000000008f100000, 0x000000008f200000|  0%| F|  |TAMS 0x000000008f100000| PB 0x000000008f100000| Untracked 
|  82|0x000000008f200000, 0x000000008f200000, 0x000000008f300000|  0%| F|  |TAMS 0x000000008f200000| PB 0x000000008f200000| Untracked 
|  83|0x000000008f300000, 0x000000008f300000, 0x000000008f400000|  0%| F|  |TAMS 0x000000008f300000| PB 0x000000008f300000| Untracked 
|  84|0x000000008f400000, 0x000000008f400000, 0x000000008f500000|  0%| F|  |TAMS 0x000000008f400000| PB 0x000000008f400000| Untracked 
|  85|0x000000008f500000, 0x000000008f500000, 0x000000008f600000|  0%| F|  |TAMS 0x000000008f500000| PB 0x000000008f500000| Untracked 
|  86|0x000000008f600000, 0x000000008f600000, 0x000000008f700000|  0%| F|  |TAMS 0x000000008f600000| PB 0x000000008f600000| Untracked 
|  87|0x000000008f700000, 0x000000008f7a6ec0, 0x000000008f800000| 65%| E|  |TAMS 0x000000008f700000| PB 0x000000008f700000| Complete 
|  88|0x000000008f800000, 0x000000008f900000, 0x000000008f900000|100%| E|CS|TAMS 0x000000008f800000| PB 0x000000008f800000| Complete 
|  89|0x000000008f900000, 0x000000008fa00000, 0x000000008fa00000|100%| E|CS|TAMS 0x000000008f900000| PB 0x000000008f900000| Complete 
|  90|0x000000008fa00000, 0x000000008fb00000, 0x000000008fb00000|100%| E|CS|TAMS 0x000000008fa00000| PB 0x000000008fa00000| Complete 
|  91|0x000000008fb00000, 0x000000008fc00000, 0x000000008fc00000|100%| E|  |TAMS 0x000000008fb00000| PB 0x000000008fb00000| Complete 
|  92|0x000000008fc00000, 0x000000008fd00000, 0x000000008fd00000|100%| E|CS|TAMS 0x000000008fc00000| PB 0x000000008fc00000| Complete 
|  93|0x000000008fd00000, 0x000000008fe00000, 0x000000008fe00000|100%| E|CS|TAMS 0x000000008fd00000| PB 0x000000008fd00000| Complete 
|  94|0x000000008fe00000, 0x000000008ff00000, 0x000000008ff00000|100%| E|CS|TAMS 0x000000008fe00000| PB 0x000000008fe00000| Complete 
|  95|0x000000008ff00000, 0x0000000090000000, 0x0000000090000000|100%| E|CS|TAMS 0x000000008ff00000| PB 0x000000008ff00000| Complete 
|  96|0x0000000090000000, 0x0000000090100000, 0x0000000090100000|100%| E|CS|TAMS 0x0000000090000000| PB 0x0000000090000000| Complete 
|  97|0x0000000090100000, 0x0000000090200000, 0x0000000090200000|100%| E|CS|TAMS 0x0000000090100000| PB 0x0000000090100000| Complete 
|  98|0x0000000090200000, 0x0000000090300000, 0x0000000090300000|100%| E|CS|TAMS 0x0000000090200000| PB 0x0000000090200000| Complete 
|  99|0x0000000090300000, 0x0000000090400000, 0x0000000090400000|100%| E|CS|TAMS 0x0000000090300000| PB 0x0000000090300000| Complete 
| 100|0x0000000090400000, 0x0000000090500000, 0x0000000090500000|100%| E|CS|TAMS 0x0000000090400000| PB 0x0000000090400000| Complete 
| 101|0x0000000090500000, 0x0000000090600000, 0x0000000090600000|100%| E|CS|TAMS 0x0000000090500000| PB 0x0000000090500000| Complete 
| 102|0x0000000090600000, 0x0000000090700000, 0x0000000090700000|100%| E|CS|TAMS 0x0000000090600000| PB 0x0000000090600000| Complete 
| 103|0x0000000090700000, 0x0000000090800000, 0x0000000090800000|100%| E|CS|TAMS 0x0000000090700000| PB 0x0000000090700000| Complete 
| 104|0x0000000090800000, 0x0000000090900000, 0x0000000090900000|100%| E|CS|TAMS 0x0000000090800000| PB 0x0000000090800000| Complete 
| 105|0x0000000090900000, 0x0000000090a00000, 0x0000000090a00000|100%| E|CS|TAMS 0x0000000090900000| PB 0x0000000090900000| Complete 
| 106|0x0000000090a00000, 0x0000000090b00000, 0x0000000090b00000|100%| E|CS|TAMS 0x0000000090a00000| PB 0x0000000090a00000| Complete 
| 107|0x0000000090b00000, 0x0000000090c00000, 0x0000000090c00000|100%| E|CS|TAMS 0x0000000090b00000| PB 0x0000000090b00000| Complete 
| 108|0x0000000090c00000, 0x0000000090d00000, 0x0000000090d00000|100%| E|CS|TAMS 0x0000000090c00000| PB 0x0000000090c00000| Complete 
| 109|0x0000000090d00000, 0x0000000090e00000, 0x0000000090e00000|100%| E|CS|TAMS 0x0000000090d00000| PB 0x0000000090d00000| Complete 
| 110|0x0000000090e00000, 0x0000000090f00000, 0x0000000090f00000|100%| E|CS|TAMS 0x0000000090e00000| PB 0x0000000090e00000| Complete 
| 111|0x0000000090f00000, 0x0000000091000000, 0x0000000091000000|100%| E|CS|TAMS 0x0000000090f00000| PB 0x0000000090f00000| Complete 
| 112|0x0000000091000000, 0x0000000091100000, 0x0000000091100000|100%| E|CS|TAMS 0x0000000091000000| PB 0x0000000091000000| Complete 
| 113|0x0000000091100000, 0x0000000091200000, 0x0000000091200000|100%| E|CS|TAMS 0x0000000091100000| PB 0x0000000091100000| Complete 
| 114|0x0000000091200000, 0x0000000091300000, 0x0000000091300000|100%| E|CS|TAMS 0x0000000091200000| PB 0x0000000091200000| Complete 
| 115|0x0000000091300000, 0x0000000091400000, 0x0000000091400000|100%| E|CS|TAMS 0x0000000091300000| PB 0x0000000091300000| Complete 
| 116|0x0000000091400000, 0x0000000091500000, 0x0000000091500000|100%| E|CS|TAMS 0x0000000091400000| PB 0x0000000091400000| Complete 
| 117|0x0000000091500000, 0x0000000091600000, 0x0000000091600000|100%| E|CS|TAMS 0x0000000091500000| PB 0x0000000091500000| Complete 

Card table byte_map: [0x000001dbb70c0000,0x000001dbb7470000] _byte_map_base: 0x000001dbb6c70000

Marking Bits: (CMBitMap*) 0x000001db9d4b4430
 Bits: [0x000001dbb7470000, 0x000001dbb91f0000)

Polling page: 0x000001db9d530000

Metaspace:

Usage:
  Non-class:     13.69 MB used.
      Class:      2.31 MB used.
       Both:     16.00 MB used.

Virtual space:
  Non-class space:       64.00 MB reserved,      13.88 MB ( 22%) committed,  1 nodes.
      Class space:        1.00 GB reserved,       2.50 MB ( <1%) committed,  1 nodes.
             Both:        1.06 GB reserved,      16.38 MB (  2%) committed. 

Chunk freelists:
   Non-Class:  1.44 MB
       Class:  13.37 MB
        Both:  14.81 MB

MaxMetaspaceSize: unlimited
CompressedClassSpaceSize: 1.00 GB
Initial GC threshold: 21.00 MB
Current GC threshold: 21.00 MB
CDS: on
 - commit_granule_bytes: 65536.
 - commit_granule_words: 8192.
 - virtual_space_node_default_size: 8388608.
 - enlarge_chunks_in_place: 1.
 - use_allocation_guard: 0.


Internal statistics:

num_allocs_failed_limit: 0.
num_arena_births: 388.
num_arena_deaths: 0.
num_vsnodes_births: 2.
num_vsnodes_deaths: 0.
num_space_committed: 262.
num_space_uncommitted: 0.
num_chunks_returned_to_freelist: 0.
num_chunks_taken_from_freelist: 897.
num_chunk_merges: 0.
num_chunk_splits: 623.
num_chunks_enlarged: 466.
num_inconsistent_stats: 0.

CodeHeap 'non-profiled nmethods': size=120000Kb used=1146Kb max_used=1146Kb free=118853Kb
 bounds [0x000001dbaeb50000, 0x000001dbaedc0000, 0x000001dbb6080000]
CodeHeap 'profiled nmethods': size=120000Kb used=5790Kb max_used=5790Kb free=114209Kb
 bounds [0x000001dba7080000, 0x000001dba7630000, 0x000001dbae5b0000]
CodeHeap 'non-nmethods': size=5760Kb used=1800Kb max_used=1832Kb free=3959Kb
 bounds [0x000001dbae5b0000, 0x000001dbae820000, 0x000001dbaeb50000]
 total_blobs=3841 nmethods=3025 adapters=719
 compilation: enabled
              stopped_count=0, restarted_count=0
 full_count=0

Compilation events (20 events):
Event: 12.472 Thread 0x000001dbbbecf710 nmethod 3024 0x000001dba7624490 code [0x000001dba76246a0, 0x000001dba7624df8]
Event: 12.472 Thread 0x000001dbbbecf710 3019       3       javafx.scene.control.skin.LabeledSkinBase::isIgnoreText (43 bytes)
Event: 12.472 Thread 0x000001dbbbecf710 nmethod 3019 0x000001dba7624f90 code [0x000001dba76251a0, 0x000001dba7625868]
Event: 12.472 Thread 0x000001dbbbecf710 3022       3       javafx.scene.control.Labeled::isWrapText (22 bytes)
Event: 12.473 Thread 0x000001dbbbecf710 nmethod 3022 0x000001dba7625a90 code [0x000001dba7625c60, 0x000001dba7626198]
Event: 12.473 Thread 0x000001dbbbecf710 3023       3       com.sun.javafx.text.PrismTextLayout::initCache (278 bytes)
Event: 12.473 Thread 0x000001dbbbecf710 nmethod 3023 0x000001dba7626310 code [0x000001dba7626580, 0x000001dba7627110]
Event: 12.473 Thread 0x000001dbbbecf710 3025       3       com.sun.javafx.text.PrismTextLayout::copyCache (49 bytes)
Event: 12.473 Thread 0x000001dbbbecf710 nmethod 3025 0x000001dba7627410 code [0x000001dba76275c0, 0x000001dba7627840]
Event: 12.477 Thread 0x000001dbbbecdc60 nmethod 3013 0x000001dbaec66910 code [0x000001dbaec66b40, 0x000001dbaec67490]
Event: 12.477 Thread 0x000001dbbbecdc60 3016       4       com.sun.javafx.css.StyleMap::getCascadingStyles (384 bytes)
Event: 12.549 Thread 0x000001dbbbecdc60 nmethod 3016 0x000001dbaec67b10 code [0x000001dbaec67fa0, 0x000001dbaec6a990]
Event: 12.549 Thread 0x000001dbbbecdc60 3015       4       javafx.scene.CssStyleHelper::getStyle (162 bytes)
Event: 12.559 Thread 0x000001dbbbecdc60 nmethod 3015 0x000001dbaec6be10 code [0x000001dbaec6c0e0, 0x000001dbaec6ccd0]
Event: 12.559 Thread 0x000001dbbbecdc60 3017       4       java.lang.StringLatin1::trim (76 bytes)
Event: 12.560 Thread 0x000001dbbbecdc60 nmethod 3017 0x000001dbaec6d710 code [0x000001dbaec6d8a0, 0x000001dbaec6d998]
Event: 86.458 Thread 0x000001dbbbecdc60 3026       4       com.sun.javafx.tk.quantum.QuantumToolkit::postPulse (133 bytes)
Event: 86.461 Thread 0x000001dbbbecdc60 nmethod 3026 0x000001dbaec6da90 code [0x000001dbaec6dc80, 0x000001dbaec6df70]
Event: 86.597 Thread 0x000001dbbbecdc60 3027       4       com.sun.javafx.tk.quantum.QuantumToolkit$$Lambda/0x000001dbbd03e390::run (8 bytes)
Event: 86.600 Thread 0x000001dbbbecdc60 nmethod 3027 0x000001dbaec6e210 code [0x000001dbaec6e400, 0x000001dbaec6e750]

GC Heap History (4 events):
Event: 0.619 GC heap before
{Heap before GC invocations=0 (full 0):
 garbage-first heap   total 120832K, used 22528K [0x000000008a000000, 0x0000000100000000)
  region size 1024K, 23 young (23552K), 0 survivors (0K)
 Metaspace       used 4901K, committed 5120K, reserved 1114112K
  class space    used 544K, committed 640K, reserved 1048576K
}
Event: 0.624 GC heap after
{Heap after GC invocations=1 (full 0):
 garbage-first heap   total 120832K, used 2840K [0x000000008a000000, 0x0000000100000000)
  region size 1024K, 3 young (3072K), 3 survivors (3072K)
 Metaspace       used 4901K, committed 5120K, reserved 1114112K
  class space    used 544K, committed 640K, reserved 1048576K
}
Event: 1.128 GC heap before
{Heap before GC invocations=1 (full 0):
 garbage-first heap   total 120832K, used 36632K [0x000000008a000000, 0x0000000100000000)
  region size 1024K, 37 young (37888K), 3 survivors (3072K)
 Metaspace       used 12685K, committed 13056K, reserved 1114112K
  class space    used 1789K, committed 1984K, reserved 1048576K
}
Event: 1.136 GC heap after
{Heap after GC invocations=2 (full 0):
 garbage-first heap   total 120832K, used 6240K [0x000000008a000000, 0x0000000100000000)
  region size 1024K, 5 young (5120K), 5 survivors (5120K)
 Metaspace       used 12685K, committed 13056K, reserved 1114112K
  class space    used 1789K, committed 1984K, reserved 1048576K
}

Dll operation events (20 events):
Event: 0.389 Loaded shared library C:\Users\Настя\.openjfx\cache\21-ea+null\amd64\api-ms-win-crt-locale-l1-1-0.dll
Event: 0.391 Loaded shared library C:\Users\Настя\.openjfx\cache\21-ea+null\amd64\api-ms-win-crt-math-l1-1-0.dll
Event: 0.393 Loaded shared library C:\Users\Настя\.openjfx\cache\21-ea+null\amd64\api-ms-win-crt-multibyte-l1-1-0.dll
Event: 0.396 Loaded shared library C:\Users\Настя\.openjfx\cache\21-ea+null\amd64\api-ms-win-crt-private-l1-1-0.dll
Event: 0.398 Loaded shared library C:\Users\Настя\.openjfx\cache\21-ea+null\amd64\api-ms-win-crt-process-l1-1-0.dll
Event: 0.400 Loaded shared library C:\Users\Настя\.openjfx\cache\21-ea+null\amd64\api-ms-win-crt-runtime-l1-1-0.dll
Event: 0.402 Loaded shared library C:\Users\Настя\.openjfx\cache\21-ea+null\amd64\api-ms-win-crt-stdio-l1-1-0.dll
Event: 0.403 Loaded shared library C:\Users\Настя\.openjfx\cache\21-ea+null\amd64\api-ms-win-crt-string-l1-1-0.dll
Event: 0.405 Loaded shared library C:\Users\Настя\.openjfx\cache\21-ea+null\amd64\api-ms-win-crt-time-l1-1-0.dll
Event: 0.407 Loaded shared library C:\Users\Настя\.openjfx\cache\21-ea+null\amd64\api-ms-win-crt-utility-l1-1-0.dll
Event: 0.418 Loaded shared library C:\Users\Настя\.openjfx\cache\21-ea+null\amd64\ucrtbase.dll
Event: 0.421 Loaded shared library C:\Users\Настя\.openjfx\cache\21-ea+null\amd64\vcruntime140.dll
Event: 0.423 Loaded shared library C:\Users\Настя\.openjfx\cache\21-ea+null\amd64\vcruntime140_1.dll
Event: 0.430 Loaded shared library C:\Users\Настя\.openjfx\cache\21-ea+null\amd64\msvcp140.dll
Event: 0.433 Loaded shared library C:\Users\Настя\.openjfx\cache\21-ea+null\amd64\msvcp140_1.dll
Event: 0.436 Loaded shared library C:\Users\Настя\.openjfx\cache\21-ea+null\amd64\msvcp140_2.dll
Event: 0.472 Loaded shared library C:\Users\Настя\.openjfx\cache\21-ea+null\amd64\prism_d3d.dll
Event: 0.513 Loaded shared library C:\Users\Настя\.openjfx\cache\21-ea+null\amd64\glass.dll
Event: 0.642 Loaded shared library C:\Users\Настя\.jdks\openjdk-21.0.1\bin\jimage.dll
Event: 0.805 Loaded shared library C:\Users\Настя\.openjfx\cache\21-ea+null\amd64\javafx_font.dll

Deoptimization events (20 events):
Event: 9.541 Thread 0x000001dbfd885370 DEOPT PACKING pc=0x000001dba741fc2a sp=0x0000002163bf8500
Event: 9.541 Thread 0x000001dbfd885370 DEOPT UNPACKING pc=0x000001dbae604e42 sp=0x0000002163bf7990 mode 0
Event: 9.547 Thread 0x000001dbfd885370 DEOPT PACKING pc=0x000001dba741b4dc sp=0x0000002163bf84a0
Event: 9.547 Thread 0x000001dbfd885370 DEOPT UNPACKING pc=0x000001dbae604e42 sp=0x0000002163bf7998 mode 0
Event: 9.548 Thread 0x000001dbfd885370 DEOPT PACKING pc=0x000001dba741e90a sp=0x0000002163bf8500
Event: 9.548 Thread 0x000001dbfd885370 DEOPT UNPACKING pc=0x000001dbae604e42 sp=0x0000002163bf7990 mode 0
Event: 9.549 Thread 0x000001dbfd885370 DEOPT PACKING pc=0x000001dba741fc2a sp=0x0000002163bf8500
Event: 9.549 Thread 0x000001dbfd885370 DEOPT UNPACKING pc=0x000001dbae604e42 sp=0x0000002163bf7990 mode 0
Event: 9.555 Thread 0x000001dbfd885370 DEOPT PACKING pc=0x000001dba741b4dc sp=0x0000002163bf84a0
Event: 9.555 Thread 0x000001dbfd885370 DEOPT UNPACKING pc=0x000001dbae604e42 sp=0x0000002163bf7998 mode 0
Event: 9.556 Thread 0x000001dbfd885370 DEOPT PACKING pc=0x000001dba741e90a sp=0x0000002163bf8500
Event: 9.556 Thread 0x000001dbfd885370 DEOPT UNPACKING pc=0x000001dbae604e42 sp=0x0000002163bf7990 mode 0
Event: 9.557 Thread 0x000001dbfd885370 DEOPT PACKING pc=0x000001dba741fc2a sp=0x0000002163bf8500
Event: 9.557 Thread 0x000001dbfd885370 DEOPT UNPACKING pc=0x000001dbae604e42 sp=0x0000002163bf7990 mode 0
Event: 9.562 Thread 0x000001dbfd885370 DEOPT PACKING pc=0x000001dba741b4dc sp=0x0000002163bf84a0
Event: 9.562 Thread 0x000001dbfd885370 DEOPT UNPACKING pc=0x000001dbae604e42 sp=0x0000002163bf7998 mode 0
Event: 9.564 Thread 0x000001dbfd885370 DEOPT PACKING pc=0x000001dba741e90a sp=0x0000002163bf8500
Event: 9.564 Thread 0x000001dbfd885370 DEOPT UNPACKING pc=0x000001dbae604e42 sp=0x0000002163bf7990 mode 0
Event: 9.564 Thread 0x000001dbfd885370 DEOPT PACKING pc=0x000001dba741fc2a sp=0x0000002163bf8500
Event: 9.564 Thread 0x000001dbfd885370 DEOPT UNPACKING pc=0x000001dbae604e42 sp=0x0000002163bf7990 mode 0

Classes loaded (20 events):
Event: 1.319 Loading class java/nio/ShortBuffer
Event: 1.320 Loading class java/nio/ShortBuffer done
Event: 1.320 Loading class java/nio/FloatBuffer
Event: 1.320 Loading class java/nio/FloatBuffer done
Event: 1.320 Loading class java/nio/DoubleBuffer
Event: 1.320 Loading class java/nio/DoubleBuffer done
Event: 1.321 Loading class java/nio/DirectFloatBufferU
Event: 1.321 Loading class java/nio/DirectFloatBufferU done
Event: 4.979 Loading class java/util/EnumMap$Values
Event: 4.979 Loading class java/util/EnumMap$Values done
Event: 4.979 Loading class java/util/EnumMap$ValueIterator
Event: 4.979 Loading class java/util/EnumMap$EnumMapIterator
Event: 4.979 Loading class java/util/EnumMap$EnumMapIterator done
Event: 4.979 Loading class java/util/EnumMap$ValueIterator done
Event: 6.609 Loading class java/io/UnsupportedEncodingException
Event: 6.609 Loading class java/io/UnsupportedEncodingException done
Event: 6.724 Loading class java/io/SequenceInputStream
Event: 6.724 Loading class java/io/SequenceInputStream done
Event: 124.401 Loading class jdk/internal/misc/Signal$1
Event: 124.402 Loading class jdk/internal/misc/Signal$1 done

Classes unloaded (0 events):
No events

Classes redefined (0 events):
No events

Internal exceptions (20 events):
Event: 0.939 Thread 0x000001dbfd885370 Exception <a 'sun/nio/fs/WindowsException'{0x00000000900028f8}> (0x00000000900028f8) 
thrown [s\open\src\hotspot\share\prims\jni.cpp, line 520]
Event: 0.945 Thread 0x000001dbfd885370 Implicit null exception at 0x000001dbaeb774e6 to 0x000001dbaeb7758a
Event: 0.969 Thread 0x000001dbfd885370 Implicit null exception at 0x000001dbaebc08da to 0x000001dbaebc0b78
Event: 0.970 Thread 0x000001dbfd885370 Implicit null exception at 0x000001dbaebba85a to 0x000001dbaebbaaf4
Event: 1.065 Thread 0x000001dbfd885370 Exception <a 'java/lang/IncompatibleClassChangeError'{0x000000008f43e318}: Found class java.lang.Object, but interface was expected> (0x000000008f43e318) 
thrown [s\open\src\hotspot\share\interpreter\linkResolver.cpp, line 840]
Event: 1.077 Thread 0x000001dbbbebcf20 Exception <a 'sun/nio/fs/WindowsException'{0x000000008f4d4eb8}> (0x000000008f4d4eb8) 
thrown [s\open\src\hotspot\share\prims\jni.cpp, line 520]
Event: 1.139 Thread 0x000001dbfd885370 Exception <a 'java/lang/ClassNotFoundException'{0x0000000091527c30}: com/sun/javafx/scene/control/skin/resources/controls> (0x0000000091527c30) 
thrown [s\open\src\hotspot\share\prims\jni.cpp, line 539]
Event: 1.140 Thread 0x000001dbfd885370 Exception <a 'java/lang/ClassNotFoundException'{0x0000000091535e30}: com/sun/javafx/scene/control/skin/resources/controls_ru> (0x0000000091535e30) 
thrown [s\open\src\hotspot\share\prims\jni.cpp, line 539]
Event: 1.140 Thread 0x000001dbfd885370 Exception <a 'java/lang/ClassNotFoundException'{0x0000000091536dd8}: com/sun/javafx/scene/control/skin/resources/controls_ru_RU> (0x0000000091536dd8) 
thrown [s\open\src\hotspot\share\prims\jni.cpp, line 539]
Event: 1.182 Thread 0x000001dbfd885370 Exception <a 'java/lang/NoSuchMethodError'{0x0000000091345608}: 'void java.lang.invoke.DirectMethodHandle$Holder.invokeSpecial(java.lang.Object, java.lang.Object, java.lang.Object, java.lang.Object, java.lang.Object, java.lang.Object)'> (0x0000000091345608) 
thrown [s\open\src\hotspot\share\interpreter\linkResolver.cpp, line 773]
Event: 1.238 Thread 0x000001dbfd885370 Exception <a 'java/lang/NoSuchMethodError'{0x0000000090fbfc08}: 'int java.lang.invoke.DirectMethodHandle$Holder.invokeSpecial(java.lang.Object, java.lang.Object, int)'> (0x0000000090fbfc08) 
thrown [s\open\src\hotspot\share\interpreter\linkResolver.cpp, line 773]
Event: 1.248 Thread 0x000001dbfd885370 Exception <a 'java/lang/NoSuchMethodError'{0x0000000090e13710}: 'java.lang.Object java.lang.invoke.DirectMethodHandle$Holder.newInvokeSpecial(java.lang.Object, java.lang.Object, int)'> (0x0000000090e13710) 
thrown [s\open\src\hotspot\share\interpreter\linkResolver.cpp, line 773]
Event: 1.272 Thread 0x000001dbfd4fd820 Exception <a 'java/lang/NoSuchMethodError'{0x0000000090d21870}: 'int java.lang.invoke.DirectMethodHandle$Holder.invokeStaticInit(java.lang.Object, java.lang.Object)'> (0x0000000090d21870) 
thrown [s\open\src\hotspot\share\interpreter\linkResolver.cpp, line 773]
Event: 6.624 Thread 0x000001dbfd885370 Exception <a 'java/lang/NoSuchMethodError'{0x00000000909859f0}: 'long java.lang.invoke.DirectMethodHandle$Holder.invokeStatic(java.lang.Object, java.lang.Object, java.lang.Object)'> (0x00000000909859f0) 
thrown [s\open\src\hotspot\share\interpreter\linkResolver.cpp, line 773]
Event: 6.624 Thread 0x000001dbfd885370 Exception <a 'java/lang/NoSuchMethodError'{0x0000000090988dc0}: 'long java.lang.invoke.DirectMethodHandle$Holder.invokeStaticInit(java.lang.Object, java.lang.Object, java.lang.Object)'> (0x0000000090988dc0) 
thrown [s\open\src\hotspot\share\interpreter\linkResolver.cpp, line 773]
Event: 6.625 Thread 0x000001dbfd885370 Exception <a 'java/lang/NoSuchMethodError'{0x000000009099d3b8}: 'java.lang.Object java.lang.invoke.DirectMethodHandle$Holder.newInvokeSpecial(java.lang.Object, java.lang.Object, long)'> (0x000000009099d3b8) 
thrown [s\open\src\hotspot\share\interpreter\linkResolver.cpp, line 773]
Event: 6.626 Thread 0x000001dbfd885370 Exception <a 'java/lang/NoSuchMethodError'{0x00000000909a0cb0}: 'java.lang.Object java.lang.invoke.Invokers$Holder.linkToTargetMethod(java.lang.Object, long, java.lang.Object)'> (0x00000000909a0cb0) 
thrown [s\open\src\hotspot\share\interpreter\linkResolver.cpp, line 773]
Event: 10.369 Thread 0x000001dbfd885370 Exception <a 'java/lang/NoSuchMethodError'{0x000000008f9a56b0}: 'java.lang.Object java.lang.invoke.DirectMethodHandle$Holder.newInvokeSpecial(java.lang.Object, java.lang.Object, int, int, int, int, int, java.lang.Object)'> (0x000000008f9a56b0) 
thrown [s\open\src\hotspot\share\interpreter\linkResolver.cpp, line 773]
Event: 10.370 Thread 0x000001dbfd885370 Exception <a 'java/lang/NoSuchMethodError'{0x000000008f9b8030}: 'java.lang.Object java.lang.invoke.DirectMethodHandle$Holder.newInvokeSpecial(java.lang.Object, java.lang.Object, java.lang.Object, int, int, int, int, int)'> (0x000000008f9b8030) 
thrown [s\open\src\hotspot\share\interpreter\linkResolver.cpp, line 773]
Event: 10.370 Thread 0x000001dbfd885370 Exception <a 'java/lang/NoSuchMethodError'{0x000000008f9c00e0}: 'java.lang.Object java.lang.invoke.Invokers$Holder.linkToTargetMethod(java.lang.Object, java.lang.Object, int, int, int, int, int, java.lang.Object)'> (0x000000008f9c00e0) 
thrown [s\open\src\hotspot\share\interpreter\linkResolver.cpp, line 773]

ZGC Phase Switch (0 events):
No events

VM Operations (20 events):
Event: 2.216 Executing VM operation: Cleanup done
Event: 6.218 Executing VM operation: Cleanup
Event: 6.218 Executing VM operation: Cleanup done
Event: 7.218 Executing VM operation: Cleanup
Event: 7.218 Executing VM operation: Cleanup done
Event: 8.219 Executing VM operation: Cleanup
Event: 8.219 Executing VM operation: Cleanup done
Event: 9.220 Executing VM operation: Cleanup
Event: 9.220 Executing VM operation: Cleanup done
Event: 10.220 Executing VM operation: Cleanup
Event: 10.220 Executing VM operation: Cleanup done
Event: 12.220 Executing VM operation: Cleanup
Event: 12.220 Executing VM operation: Cleanup done
Event: 13.221 Executing VM operation: Cleanup
Event: 13.221 Executing VM operation: Cleanup done
Event: 60.056 Executing VM operation: HandshakeAllThreads (HandshakeForDeflation)
Event: 60.056 Executing VM operation: HandshakeAllThreads (HandshakeForDeflation) done
Event: 60.056 Executing VM operation: RendezvousGCThreads
Event: 60.056 Executing VM operation: RendezvousGCThreads done
Event: 124.404 Executing VM operation: Exit

Events (20 events):
Event: 0.050 Thread 0x000001dbbbebdab0 Thread added: 0x000001dbbbebdab0
Event: 0.050 Thread 0x000001dbbbec6650 Thread added: 0x000001dbbbec6650
Event: 0.050 Thread 0x000001dbbbecdc60 Thread added: 0x000001dbbbecdc60
Event: 0.050 Thread 0x000001dbbbecf710 Thread added: 0x000001dbbbecf710
Event: 0.088 Thread 0x000001dbfd1cd4b0 Thread added: 0x000001dbfd1cd4b0
Event: 0.214 Thread 0x000001dbfd352a70 Thread added: 0x000001dbfd352a70
Event: 0.214 Thread 0x000001dbfd3aa860 Thread added: 0x000001dbfd3aa860
Event: 0.463 Thread 0x000001dbfd4fd820 Thread added: 0x000001dbfd4fd820
Event: 0.515 Thread 0x000001dbfd8afa60 Thread added: 0x000001dbfd8afa60
Event: 0.518 Thread 0x000001dbfd885370 Thread added: 0x000001dbfd885370
Event: 0.590 Thread 0x000001dbfdbc9780 Thread added: 0x000001dbfdbc9780
Event: 0.603 Thread 0x000001dbfdbd59d0 Thread added: 0x000001dbfdbd59d0
Event: 1.055 Thread 0x000001dbfee8ff30 Thread added: 0x000001dbfee8ff30
Event: 1.292 Thread 0x000001dbff003cd0 Thread added: 0x000001dbff003cd0
Event: 124.402 Thread 0x000001dbff003640 Thread added: 0x000001dbff003640
Event: 124.402 Thread 0x000001dbff0049f0 Thread added: 0x000001dbff0049f0
Event: 124.402 Thread 0x000001dbff004360 Thread added: 0x000001dbff004360
Event: 124.403 Thread 0x000001dbff0049f0 Thread exited: 0x000001dbff0049f0
Event: 124.403 Thread 0x000001dbff004360 Thread exited: 0x000001dbff004360
Event: 124.404 Thread 0x000001dbbbebc390 Thread exited: 0x000001dbbbebc390


Dynamic libraries:
0x00007ff6fbc20000 - 0x00007ff6fbc2e000 	C:\Users\Настя\.jdks\openjdk-21.0.1\bin\java.exe
0x00007ffe39850000 - 0x00007ffe39a67000 	C:\WINDOWS\SYSTEM32\ntdll.dll
0x00007ffe38730000 - 0x00007ffe387f4000 	C:\WINDOWS\System32\KERNEL32.DLL
0x00007ffe36bc0000 - 0x00007ffe36f65000 	C:\WINDOWS\System32\KERNELBASE.dll
0x00007ffe371c0000 - 0x00007ffe372d1000 	C:\WINDOWS\System32\ucrtbase.dll
0x00007ffe0ccc0000 - 0x00007ffe0ccd8000 	C:\Users\Настя\.jdks\openjdk-21.0.1\bin\jli.dll
0x00007ffe0cb10000 - 0x00007ffe0cb2b000 	C:\Users\Настя\.jdks\openjdk-21.0.1\bin\VCRUNTIME140.dll
0x00007ffe38170000 - 0x00007ffe3831e000 	C:\WINDOWS\System32\USER32.dll
0x00007ffe27500000 - 0x00007ffe27793000 	C:\WINDOWS\WinSxS\amd64_microsoft.windows.common-controls_6595b64144ccf1df_6.0.22621.2506_none_270c5ae97388e100\COMCTL32.dll
0x00007ffe372e0000 - 0x00007ffe37306000 	C:\WINDOWS\System32\win32u.dll
0x00007ffe39330000 - 0x00007ffe393d7000 	C:\WINDOWS\System32\msvcrt.dll
0x00007ffe385e0000 - 0x00007ffe38609000 	C:\WINDOWS\System32\GDI32.dll
0x00007ffe37480000 - 0x00007ffe37599000 	C:\WINDOWS\System32\gdi32full.dll
0x00007ffe37120000 - 0x00007ffe371ba000 	C:\WINDOWS\System32\msvcp_win.dll
0x00007ffe38320000 - 0x00007ffe38351000 	C:\WINDOWS\System32\IMM32.DLL
0x00007ffe0de10000 - 0x00007ffe0de1c000 	C:\Users\Настя\.jdks\openjdk-21.0.1\bin\vcruntime140_1.dll
0x00007ffde8930000 - 0x00007ffde89be000 	C:\Users\Настя\.jdks\openjdk-21.0.1\bin\msvcp140.dll
0x00007ffdb1b80000 - 0x00007ffdb2895000 	C:\Users\Настя\.jdks\openjdk-21.0.1\bin\server\jvm.dll
0x00007ffe390c0000 - 0x00007ffe39171000 	C:\WINDOWS\System32\ADVAPI32.dll
0x00007ffe378b0000 - 0x00007ffe37956000 	C:\WINDOWS\System32\sechost.dll
0x00007ffe39210000 - 0x00007ffe39327000 	C:\WINDOWS\System32\RPCRT4.dll
0x00007ffe395a0000 - 0x00007ffe39611000 	C:\WINDOWS\System32\WS2_32.dll
0x00007ffe36830000 - 0x00007ffe3687d000 	C:\WINDOWS\SYSTEM32\POWRPROF.dll
0x00007ffe2fe30000 - 0x00007ffe2fe64000 	C:\WINDOWS\SYSTEM32\WINMM.dll
0x00007ffe2f0a0000 - 0x00007ffe2f0aa000 	C:\WINDOWS\SYSTEM32\VERSION.dll
0x00007ffe36530000 - 0x00007ffe36543000 	C:\WINDOWS\SYSTEM32\UMPDC.dll
0x00007ffe35b20000 - 0x00007ffe35b38000 	C:\WINDOWS\SYSTEM32\kernel.appcore.dll
0x00007ffe0dc00000 - 0x00007ffe0dc0a000 	C:\Users\Настя\.jdks\openjdk-21.0.1\bin\jimage.dll
0x00007ffe262c0000 - 0x00007ffe264f3000 	C:\WINDOWS\SYSTEM32\DBGHELP.DLL
0x00007ffe37960000 - 0x00007ffe37ce9000 	C:\WINDOWS\System32\combase.dll
0x00007ffe39730000 - 0x00007ffe39807000 	C:\WINDOWS\System32\OLEAUT32.dll
0x00007ffe12620000 - 0x00007ffe12652000 	C:\WINDOWS\SYSTEM32\dbgcore.DLL
0x00007ffe370a0000 - 0x00007ffe3711a000 	C:\WINDOWS\System32\bcryptPrimitives.dll
0x00007ffe32290000 - 0x00007ffe3229f000 	C:\Users\Настя\.jdks\openjdk-21.0.1\bin\instrument.dll
0x00007ffe0c840000 - 0x00007ffe0c85f000 	C:\Users\Настя\.jdks\openjdk-21.0.1\bin\java.dll
0x00007ffe38800000 - 0x00007ffe39059000 	C:\WINDOWS\System32\SHELL32.dll
0x00007ffe34a90000 - 0x00007ffe35384000 	C:\WINDOWS\SYSTEM32\windows.storage.dll
0x00007ffe34950000 - 0x00007ffe34a8e000 	C:\WINDOWS\SYSTEM32\wintypes.dll
0x00007ffe375a0000 - 0x00007ffe37693000 	C:\WINDOWS\System32\SHCORE.dll
0x00007ffe39060000 - 0x00007ffe390be000 	C:\WINDOWS\System32\shlwapi.dll
0x00007ffe36af0000 - 0x00007ffe36b16000 	C:\WINDOWS\SYSTEM32\profapi.dll
0x00007ffdc3940000 - 0x00007ffdc3a17000 	C:\Users\Настя\.jdks\openjdk-21.0.1\bin\jsvml.dll
0x00007ffe0c240000 - 0x00007ffe0c250000 	C:\Users\Настя\.jdks\openjdk-21.0.1\bin\net.dll
0x00007ffe30060000 - 0x00007ffe30197000 	C:\WINDOWS\SYSTEM32\WINHTTP.dll
0x00007ffe35ff0000 - 0x00007ffe36059000 	C:\WINDOWS\system32\mswsock.dll
0x00007ffe0b520000 - 0x00007ffe0b536000 	C:\Users\Настя\.jdks\openjdk-21.0.1\bin\nio.dll
0x00007ffe035d0000 - 0x00007ffe035e8000 	C:\Users\Настя\.jdks\openjdk-21.0.1\bin\zip.dll
0x00007ffe31870000 - 0x00007ffe3188a000 	C:\Program Files\JetBrains\IntelliJ IDEA Community Edition 2023.2.5\bin\breakgen64.dll
0x000001dbbbf40000 - 0x000001dbbbf43000 	C:\Users\Настя\.openjfx\cache\21-ea+null\amd64\api-ms-win-core-console-l1-1-0.dll
0x000001dbbbf50000 - 0x000001dbbbf53000 	C:\Users\Настя\.openjfx\cache\21-ea+null\amd64\api-ms-win-core-console-l1-2-0.dll
0x000001dbbbf60000 - 0x000001dbbbf63000 	C:\Users\Настя\.openjfx\cache\21-ea+null\amd64\api-ms-win-core-datetime-l1-1-0.dll
0x000001dbbbf70000 - 0x000001dbbbf73000 	C:\Users\Настя\.openjfx\cache\21-ea+null\amd64\api-ms-win-core-debug-l1-1-0.dll
0x000001dbbbf80000 - 0x000001dbbbf83000 	C:\Users\Настя\.openjfx\cache\21-ea+null\amd64\api-ms-win-core-errorhandling-l1-1-0.dll
0x000001dbbbf90000 - 0x000001dbbbf94000 	C:\Users\Настя\.openjfx\cache\21-ea+null\amd64\api-ms-win-core-file-l1-1-0.dll
0x000001dbbbfa0000 - 0x000001dbbbfa3000 	C:\Users\Настя\.openjfx\cache\21-ea+null\amd64\api-ms-win-core-file-l1-2-0.dll
0x000001dbbbfb0000 - 0x000001dbbbfb3000 	C:\Users\Настя\.openjfx\cache\21-ea+null\amd64\api-ms-win-core-file-l2-1-0.dll
0x000001dbbbfc0000 - 0x000001dbbbfc3000 	C:\Users\Настя\.openjfx\cache\21-ea+null\amd64\api-ms-win-core-handle-l1-1-0.dll
0x000001dbbbfd0000 - 0x000001dbbbfd3000 	C:\Users\Настя\.openjfx\cache\21-ea+null\amd64\api-ms-win-core-heap-l1-1-0.dll
0x000001dbbbfe0000 - 0x000001dbbbfe3000 	C:\Users\Настя\.openjfx\cache\21-ea+null\amd64\api-ms-win-core-interlocked-l1-1-0.dll
0x000001dbbbff0000 - 0x000001dbbbff3000 	C:\Users\Настя\.openjfx\cache\21-ea+null\amd64\api-ms-win-core-libraryloader-l1-1-0.dll
0x000001dbfdd10000 - 0x000001dbfdd13000 	C:\Users\Настя\.openjfx\cache\21-ea+null\amd64\api-ms-win-core-localization-l1-2-0.dll
0x000001dbfdd20000 - 0x000001dbfdd23000 	C:\Users\Настя\.openjfx\cache\21-ea+null\amd64\api-ms-win-core-memory-l1-1-0.dll
0x000001dbfdd30000 - 0x000001dbfdd33000 	C:\Users\Настя\.openjfx\cache\21-ea+null\amd64\api-ms-win-core-namedpipe-l1-1-0.dll
0x000001dbfdd40000 - 0x000001dbfdd43000 	C:\Users\Настя\.openjfx\cache\21-ea+null\amd64\api-ms-win-core-processenvironment-l1-1-0.dll
0x000001dbfdd50000 - 0x000001dbfdd53000 	C:\Users\Настя\.openjfx\cache\21-ea+null\amd64\api-ms-win-core-processthreads-l1-1-0.dll
0x000001dbfdd60000 - 0x000001dbfdd63000 	C:\Users\Настя\.openjfx\cache\21-ea+null\amd64\api-ms-win-core-processthreads-l1-1-1.dll
0x000001dbfdd70000 - 0x000001dbfdd73000 	C:\Users\Настя\.openjfx\cache\21-ea+null\amd64\api-ms-win-core-profile-l1-1-0.dll
0x000001dbfdd80000 - 0x000001dbfdd83000 	C:\Users\Настя\.openjfx\cache\21-ea+null\amd64\api-ms-win-core-rtlsupport-l1-1-0.dll
0x000001dbfdd90000 - 0x000001dbfdd93000 	C:\Users\Настя\.openjfx\cache\21-ea+null\amd64\api-ms-win-core-string-l1-1-0.dll
0x000001dbfdda0000 - 0x000001dbfdda3000 	C:\Users\Настя\.openjfx\cache\21-ea+null\amd64\api-ms-win-core-synch-l1-1-0.dll
0x000001dbfddb0000 - 0x000001dbfddb3000 	C:\Users\Настя\.openjfx\cache\21-ea+null\amd64\api-ms-win-core-synch-l1-2-0.dll
0x000001dbfddc0000 - 0x000001dbfddc3000 	C:\Users\Настя\.openjfx\cache\21-ea+null\amd64\api-ms-win-core-sysinfo-l1-1-0.dll
0x000001dbfddd0000 - 0x000001dbfddd3000 	C:\Users\Настя\.openjfx\cache\21-ea+null\amd64\api-ms-win-core-timezone-l1-1-0.dll
0x000001dbfdde0000 - 0x000001dbfdde3000 	C:\Users\Настя\.openjfx\cache\21-ea+null\amd64\api-ms-win-core-util-l1-1-0.dll
0x000001dbfddf0000 - 0x000001dbfddf3000 	C:\Users\Настя\.openjfx\cache\21-ea+null\amd64\api-ms-win-crt-conio-l1-1-0.dll
0x000001dbfde00000 - 0x000001dbfde04000 	C:\Users\Настя\.openjfx\cache\21-ea+null\amd64\api-ms-win-crt-convert-l1-1-0.dll
0x000001dbfde10000 - 0x000001dbfde13000 	C:\Users\Настя\.openjfx\cache\21-ea+null\amd64\api-ms-win-crt-environment-l1-1-0.dll
0x000001dbfde20000 - 0x000001dbfde23000 	C:\Users\Настя\.openjfx\cache\21-ea+null\amd64\api-ms-win-crt-filesystem-l1-1-0.dll
0x000001dbfde30000 - 0x000001dbfde33000 	C:\Users\Настя\.openjfx\cache\21-ea+null\amd64\api-ms-win-crt-heap-l1-1-0.dll
0x000001dbfde40000 - 0x000001dbfde43000 	C:\Users\Настя\.openjfx\cache\21-ea+null\amd64\api-ms-win-crt-locale-l1-1-0.dll
0x000001dbfde50000 - 0x000001dbfde55000 	C:\Users\Настя\.openjfx\cache\21-ea+null\amd64\api-ms-win-crt-math-l1-1-0.dll
0x000001dbfde60000 - 0x000001dbfde65000 	C:\Users\Настя\.openjfx\cache\21-ea+null\amd64\api-ms-win-crt-multibyte-l1-1-0.dll
0x000001dbfde70000 - 0x000001dbfde80000 	C:\Users\Настя\.openjfx\cache\21-ea+null\amd64\api-ms-win-crt-private-l1-1-0.dll
0x000001dbfde80000 - 0x000001dbfde83000 	C:\Users\Настя\.openjfx\cache\21-ea+null\amd64\api-ms-win-crt-process-l1-1-0.dll
0x000001dbfde90000 - 0x000001dbfde94000 	C:\Users\Настя\.openjfx\cache\21-ea+null\amd64\api-ms-win-crt-runtime-l1-1-0.dll
0x000001dbfdea0000 - 0x000001dbfdea4000 	C:\Users\Настя\.openjfx\cache\21-ea+null\amd64\api-ms-win-crt-stdio-l1-1-0.dll
0x000001dbfdeb0000 - 0x000001dbfdeb4000 	C:\Users\Настя\.openjfx\cache\21-ea+null\amd64\api-ms-win-crt-string-l1-1-0.dll
0x000001dbfdec0000 - 0x000001dbfdec3000 	C:\Users\Настя\.openjfx\cache\21-ea+null\amd64\api-ms-win-crt-time-l1-1-0.dll
0x000001dbfded0000 - 0x000001dbfded3000 	C:\Users\Настя\.openjfx\cache\21-ea+null\amd64\api-ms-win-crt-utility-l1-1-0.dll
0x00007ffe0cb80000 - 0x00007ffe0cc7c000 	C:\Users\Настя\.openjfx\cache\21-ea+null\amd64\ucrtbase.dll
0x00007ffe0ddb0000 - 0x00007ffe0ddcb000 	C:\Users\Настя\.openjfx\cache\21-ea+null\amd64\vcruntime140.dll
0x00007ffe285d0000 - 0x00007ffe285dc000 	C:\Users\Настя\.openjfx\cache\21-ea+null\amd64\vcruntime140_1.dll
0x00007ffe0cf00000 - 0x00007ffe0cf8e000 	C:\Users\Настя\.openjfx\cache\21-ea+null\amd64\msvcp140.dll
0x00007ffe376a0000 - 0x00007ffe37840000 	C:\WINDOWS\System32\ole32.dll
0x00007ffe24ce0000 - 0x00007ffe24ce9000 	C:\Users\Настя\.openjfx\cache\21-ea+null\amd64\msvcp140_1.dll
0x00007ffe0dd80000 - 0x00007ffe0ddaf000 	C:\Users\Настя\.openjfx\cache\21-ea+null\amd64\msvcp140_2.dll
0x00007ffe0dd50000 - 0x00007ffe0dd7f000 	C:\Users\Настя\.openjfx\cache\21-ea+null\amd64\prism_d3d.dll
0x00007ffe2b130000 - 0x00007ffe2b2d9000 	C:\WINDOWS\system32\d3d9.dll
0x00007ffe34300000 - 0x00007ffe3432b000 	C:\WINDOWS\SYSTEM32\dwmapi.dll
0x00007ffe34190000 - 0x00007ffe341c6000 	C:\WINDOWS\SYSTEM32\dxcore.dll
0x00007ffe34070000 - 0x00007ffe3411b000 	C:\WINDOWS\system32\uxtheme.dll
0x00007ffe2d670000 - 0x00007ffe2d84b000 	C:\WINDOWS\System32\DriverStore\FileRepository\u0357176.inf_amd64_828ff99cacd4aa89\B356563\aticfx64.dll
0x00007ffdcfb70000 - 0x00007ffdcfba3000 	C:\WINDOWS\System32\DriverStore\FileRepository\u0357176.inf_amd64_828ff99cacd4aa89\B356563\atiu9p64.dll
0x00007ffdca120000 - 0x00007ffdcadb6000 	C:\WINDOWS\System32\DriverStore\FileRepository\u0357176.inf_amd64_828ff99cacd4aa89\B356563\atiumd64.dll
0x00000000674b0000 - 0x000000006832d000 	C:\WINDOWS\System32\DriverStore\FileRepository\u0357176.inf_amd64_828ff99cacd4aa89\B356563\atiumd6a.dll
0x00007ffe2df30000 - 0x00007ffe2df5f000 	C:\WINDOWS\SYSTEM32\amdihk64.dll
0x00007ffe30c70000 - 0x00007ffe30cba000 	C:\WINDOWS\SYSTEM32\directxdatabasehelper.dll
0x00007ffe0dc30000 - 0x00007ffe0dc72000 	C:\Users\Настя\.openjfx\cache\21-ea+null\amd64\glass.dll
0x00007ffe38620000 - 0x00007ffe38719000 	C:\WINDOWS\System32\COMDLG32.dll
0x00007ffe38470000 - 0x00007ffe385bf000 	C:\WINDOWS\System32\MSCTF.dll
0x00007ffe0dc10000 - 0x00007ffe0dc24000 	C:\Users\Настя\.openjfx\cache\21-ea+null\amd64\javafx_font.dll
0x00007ffe329b0000 - 0x00007ffe32c23000 	C:\WINDOWS\SYSTEM32\dwrite.dll
0x00007ffe39620000 - 0x00007ffe396d0000 	C:\WINDOWS\System32\clbcatq.dll
0x00007ffe32800000 - 0x00007ffe329b0000 	C:\WINDOWS\SYSTEM32\WindowsCodecs.dll
0x00007ffe058b0000 - 0x00007ffe0590e000 	C:\WINDOWS\system32\dataexchange.dll
0x00007ffe2e630000 - 0x00007ffe2e8b5000 	C:\WINDOWS\system32\twinapi.appcore.dll
0x00007ffde80c0000 - 0x00007ffde80f2000 	C:\Program Files\Common Files\Microsoft Shared\Ink\rtscom.dll
0x00007ffe293e0000 - 0x00007ffe2952a000 	C:\WINDOWS\SYSTEM32\textinputframework.dll
0x00007ffe33b10000 - 0x00007ffe33c43000 	C:\WINDOWS\SYSTEM32\CoreMessaging.dll
0x00007ffe301a0000 - 0x00007ffe3050c000 	C:\WINDOWS\SYSTEM32\CoreUIComponents.dll
0x00007ffe36320000 - 0x00007ffe3632c000 	C:\WINDOWS\SYSTEM32\CRYPTBASE.DLL
0x00007ffe32e90000 - 0x00007ffe3347e000 	C:\WINDOWS\SYSTEM32\d2d1.dll
0x00007ffe32c30000 - 0x00007ffe32e87000 	C:\WINDOWS\SYSTEM32\d3d11.dll
0x00007ffe341d0000 - 0x00007ffe342c8000 	C:\WINDOWS\SYSTEM32\dxgi.dll
0x00007ffe2f350000 - 0x00007ffe2fa61000 	C:\WINDOWS\SYSTEM32\D3D10Warp.dll

dbghelp: loaded successfully - version: 4.0.5 - missing functions: none
symbol engine: initialized successfully - sym options: 0x614 - pdb path: .;C:\Users\Настя\.jdks\openjdk-21.0.1\bin;C:\WINDOWS\SYSTEM32;C:\WINDOWS\WinSxS\amd64_microsoft.windows.common-controls_6595b64144ccf1df_6.0.22621.2506_none_270c5ae97388e100;C:\Users\Настя\.jdks\openjdk-21.0.1\bin\server;C:\Program Files\JetBrains\IntelliJ IDEA Community Edition 2023.2.5\bin;C:\Users\Настя\.openjfx\cache\21-ea+null\amd64;C:\WINDOWS\System32\DriverStore\FileRepository\u0357176.inf_amd64_828ff99cacd4aa89\B356563;C:\Program Files\Common Files\Microsoft Shared\Ink

VM Arguments:
jvm_args: -javaagent:C:\Program Files\JetBrains\IntelliJ IDEA Community Edition 2023.2.5\lib\idea_rt.jar=58944:C:\Program Files\JetBrains\IntelliJ IDEA Community Edition 2023.2.5\bin -Dfile.encoding=UTF-8 -Dsun.stdout.encoding=UTF-8 -Dsun.stderr.encoding=UTF-8 --module-path=C:\Users\Настя\IdeaProjects\Pizzza\target\classes;C:\Users\Настя\.m2\repository\org\openjfx\javafx-base\21-ea+24\javafx-base-21-ea+24-win.jar;C:\Users\Настя\.m2\repository\org\openjfx\javafx-controls\21-ea+24\javafx-controls-21-ea+24-win.jar;C:\Users\Настя\.m2\repository\org\openjfx\javafx-graphics\21-ea+24\javafx-graphics-21-ea+24-win.jar;C:\Users\Настя\.m2\repository\org\openjfx\javafx-fxml\21-ea+24\javafx-fxml-21-ea+24-win.jar -Djdk.module.main=com.example.pizzza 
java_command: com.example.pizzza/com.example.pizzza.HelloApplication
java_class_path (initial): C:\Users\Настя\.m2\repository\org\openjfx\javafx-controls\21-ea+24\javafx-controls-21-ea+24.jar;C:\Users\Настя\.m2\repository\org\openjfx\javafx-graphics\21-ea+24\javafx-graphics-21-ea+24.jar;C:\Users\Настя\.m2\repository\org\openjfx\javafx-base\21-ea+24\javafx-base-21-ea+24.jar;C:\Users\Настя\.m2\repository\org\openjfx\javafx-fxml\21-ea+24\javafx-fxml-21-ea+24.jar
Launcher Type: SUN_STANDARD

[Global flags]
     intx CICompilerCount                          = 4                                         {product} {ergonomic}
     uint ConcGCThreads                            = 3                                         {product} {ergonomic}
     uint G1ConcRefinementThreads                  = 10                                        {product} {ergonomic}
   size_t G1HeapRegionSize                         = 1048576                                   {product} {ergonomic}
    uintx GCDrainStackTargetSize                   = 64                                        {product} {ergonomic}
   size_t InitialHeapSize                          = 123731968                                 {product} {ergonomic}
   size_t MarkStackSize                            = 4194304                                   {product} {ergonomic}
   size_t MaxHeapSize                              = 1979711488                                {product} {ergonomic}
   size_t MaxNewSize                               = 1186988032                                {product} {ergonomic}
   size_t MinHeapDeltaBytes                        = 1048576                                   {product} {ergonomic}
   size_t MinHeapSize                              = 8388608                                   {product} {ergonomic}
    uintx NonNMethodCodeHeapSize                   = 5839372                                {pd product} {ergonomic}
    uintx NonProfiledCodeHeapSize                  = 122909434                              {pd product} {ergonomic}
    uintx ProfiledCodeHeapSize                     = 122909434                              {pd product} {ergonomic}
    uintx ReservedCodeCacheSize                    = 251658240                              {pd product} {ergonomic}
     bool SegmentedCodeCache                       = true                                      {product} {ergonomic}
   size_t SoftMaxHeapSize                          = 1979711488                             {manageable} {ergonomic}
     bool UseCompressedOops                        = true                           {product lp64_product} {ergonomic}
     bool UseG1GC                                  = true                                      {product} {ergonomic}
     bool UseLargePagesIndividualAllocation        = false                                  {pd product} {ergonomic}

Logging:
Log output configuration:
 #0: stdout all=off uptime,level,tags foldmultilines=false
 #1: stderr all=off uptime,level,tags foldmultilines=false

Environment Variables:
PATH=C:\Program Files\Common Files\Oracle\Java\javapath;C:\Program Files (x86)\Common Files\Oracle\Java\javapath;C:\ProgramData\Oracle\Java\javapath;C:\WINDOWS\system32;C:\WINDOWS;C:\WINDOWS\System32\Wbem;C:\WINDOWS\System32\WindowsPowerShell\v1.0\;C:\WINDOWS\System32\OpenSSH\;C:\Program Files\dotnet\;C:\Program Files\Common Files\Autodesk Shared\;C:\Program Files\Microsoft SQL Server\120\Tools\Binn\;C:\Program Files\Microsoft SQL Server\Client SDK\ODBC\170\Tools\Binn\;C:\Program Files (x86)\Microsoft SQL Server\150\Tools\Binn\;C:\Program Files\Microsoft SQL Server\150\Tools\Binn\;C:\Program Files\Microsoft SQL Server\150\DTS\Binn\;C:\Program Files (x86)\Microsoft SQL Server\160\DTS\Binn\;C:\Program Files\Azure Data Studio\bin;C:\Users\Настя\AppData\Local\Programs\Python\Python38\Scripts\;C:\Users\Настя\AppData\Local\Programs\Python\Python38\;C:\Users\Настя\AppData\Local\Programs\Python\Launcher\;C:\Users\Настя\AppData\Local\Microsoft\WindowsApps;;C:\Program Files\Azure Data Studio\bin
USERNAME=Настя
OS=Windows_NT
PROCESSOR_IDENTIFIER=AMD64 Family 23 Model 96 Stepping 1, AuthenticAMD
TMP=C:\Users\5B3B~1\AppData\Local\Temp
TEMP=C:\Users\5B3B~1\AppData\Local\Temp




Periodic native trim disabled

---------------  S Y S T E M  ---------------

OS:
 Windows 11 , 64 bit Build 22621 (10.0.22621.2506)
OS uptime: 0 days 22:25 hours
Hyper-V role detected

CPU: total 12 (initial active 12) (12 cores per cpu, 2 threads per core) family 23 model 96 stepping 1 microcode 0x0, cx8, cmov, fxsr, ht, mmx, 3dnowpref, sse, sse2, sse3, ssse3, sse4a, sse4.1, sse4.2, popcnt, lzcnt, tsc, tscinvbit, avx, avx2, aes, clmul, bmi1, bmi2, adx, sha, fma, vzeroupper, clflush, clflushopt, hv, rdtscp, rdpid, f16c
Processor Information for all 12 processors :
  Max Mhz: 3000, Current Mhz: 3000, Mhz Limit: 3000

Memory: 4k page, system-wide physical 7549M (294M free)
TotalPageFile size 16253M (AvailPageFile size 2825M)
current process WorkingSet (physical memory assigned to process): 194M, peak: 205M
current process commit charge ("private bytes"): 313M, peak: 331M

vm_info: OpenJDK 64-Bit Server VM (21.0.1+12-29) for windows-amd64 JRE (21.0.1+12-29), built on 2023-10-05T13:27:09Z by "mach5one" with MS VC++ 17.1 (VS2022)

END.
